AH00558: httpd.exe: Could not reliably determine the server's fully qualified domain name, using fe80::4961:5617:56dd:9100. Set the 'ServerName' directive globally to suppress this message
[Sun Nov 11 18:15:15.115500 2018] [mpm_winnt:notice] [pid 5612:tid 560] AH00455: Apache/2.4.23 (Win32) PHP/5.4.45 configured -- resuming normal operations
[Sun Nov 11 18:15:15.115500 2018] [mpm_winnt:notice] [pid 5612:tid 560] AH00456: Apache Lounge VC10 Server built: Jul  9 2016 11:13:35
[Sun Nov 11 18:15:15.115500 2018] [core:notice] [pid 5612:tid 560] AH00094: Command line: 'httpd.exe -d F:/MaNGOS/website/apache'
[Sun Nov 11 18:15:15.116000 2018] [mpm_winnt:notice] [pid 5612:tid 560] AH00418: Parent: Created child process 5540
AH00558: httpd.exe: Could not reliably determine the server's fully qualified domain name, using fe80::4961:5617:56dd:9100. Set the 'ServerName' directive globally to suppress this message
Apache server interrupted...
 reliably determine the server's fully qualified domain name, using fe80::4961:5617:56dd:9100. Set the 'ServerName' directive globally to suppress this message
[Sun Nov 11 18:15:15.363000 2018] [mpm_winnt:notice] [pid 5540:tid 576] AH00354: Child: Starting 64 worker threads.
[Sun Nov 11 18:15:26.941500 2018] [mpm_winnt:notice] [pid 5612:tid 560] AH00422: Parent: Received shutdown signal -- Shutting down the server.
Apache server shutdown initiated...
[Sun Nov 11 18:15:28.941500 2018] [mpm_winnt:notice] [pid 5540:tid 576] AH00364: Child: All worker threads have exited.
[Sun Nov 11 18:15:28.954000 2018] [mpm_winnt:notice] [pid 5612:tid 560] AH00430: Parent: Child process 5540 exited successfully.
[Sun Nov 11 18:15:28.954000 2018] [core:error] [pid 5612:tid 560] (OS 2)The system cannot find the file specified.  : AH00095: failed to remove PID file F:/MaNGOS/website/apache/logs/httpd.pid
[Sun Nov 11 18:16:33.109000 2018] [mpm_winnt:notice] [pid 1520:tid 308] AH00455: Apache/2.4.23 (Win32) PHP/5.4.45 configured -- resuming normal operations
[Sun Nov 11 18:16:33.109000 2018] [mpm_winnt:notice] [pid 1520:tid 308] AH00456: Apache Lounge VC10 Server built: Jul  9 2016 11:13:35
[Sun Nov 11 18:16:33.109000 2018] [core:notice] [pid 1520:tid 308] AH00094: Command line: 'httpd.exe -d F:/MaNGOS/website/apache'
[Sun Nov 11 18:16:33.110000 2018] [mpm_winnt:notice] [pid 1520:tid 308] AH00418: Parent: Created child process 5048
[Sun Nov 11 18:16:33.309500 2018] [mpm_winnt:notice] [pid 5048:tid 324] AH00354: Child: Starting 64 worker threads.
[Sun Nov 11 18:17:26.137500 2018] [:error] [pid 5048:tid 820] [client 192.168.2.100:49987] PHP Notice:  Undefined variable: result in F:\\MaNGOS\\website\\htdocs\\index.php on line 75, referer: http://192.168.2.100/index.php
[Sun Jun 23 18:48:56.903000 2019] [mpm_winnt:notice] [pid 376:tid 308] AH00455: Apache/2.4.23 (Win32) PHP/5.4.45 configured -- resuming normal operations
[Sun Jun 23 18:48:56.903000 2019] [mpm_winnt:notice] [pid 376:tid 308] AH00456: Apache Lounge VC10 Server built: Jul  9 2016 11:13:35
[Sun Jun 23 18:48:56.903000 2019] [core:notice] [pid 376:tid 308] AH00094: Command line: 'httpd.exe -d F:/newrepack/MaNGOS/website/apache'
[Sun Jun 23 18:48:56.903500 2019] [mpm_winnt:notice] [pid 376:tid 308] AH00418: Parent: Created child process 1164
[Sun Jun 23 18:48:57.165000 2019] [mpm_winnt:notice] [pid 1164:tid 324] AH00354: Child: Starting 64 worker threads.
[Sun Jun 23 19:17:10.109000 2019] [mpm_winnt:notice] [pid 4828:tid 308] AH00455: Apache/2.4.23 (Win32) PHP/5.4.45 configured -- resuming normal operations
[Sun Jun 23 19:17:10.109000 2019] [mpm_winnt:notice] [pid 4828:tid 308] AH00456: Apache Lounge VC10 Server built: Jul  9 2016 11:13:35
[Sun Jun 23 19:17:10.109000 2019] [core:notice] [pid 4828:tid 308] AH00094: Command line: 'httpd.exe -d F:/newrepack/MaNGOS/website/apache'
[Sun Jun 23 19:17:10.109500 2019] [mpm_winnt:notice] [pid 4828:tid 308] AH00418: Parent: Created child process 5376
[Sun Jun 23 19:17:10.305500 2019] [mpm_winnt:notice] [pid 5376:tid 324] AH00354: Child: Starting 64 worker threads.
[Mon Sep 30 14:29:54.509983 2019] [mpm_winnt:notice] [pid 12928:tid 840] AH00455: Apache/2.4.23 (Win32) PHP/5.4.45 configured -- resuming normal operations
[Mon Sep 30 14:29:54.509983 2019] [mpm_winnt:notice] [pid 12928:tid 840] AH00456: Apache Lounge VC10 Server built: Jul  9 2016 11:13:35
[Mon Sep 30 14:29:54.509983 2019] [core:notice] [pid 12928:tid 840] AH00094: Command line: 'httpd.exe -d D:/BaiduYunDownload/Vanilla+bropack+v15/MaNGOS/website/apache'
[Mon Sep 30 14:29:54.511986 2019] [mpm_winnt:notice] [pid 12928:tid 840] AH00418: Parent: Created child process 16912
Apache server shutdown initiated...
[Mon Sep 30 14:29:55.571451 2019] [mpm_winnt:notice] [pid 12928:tid 840] AH00422: Parent: Received shutdown signal -- Shutting down the server.
[Mon Sep 30 14:29:55.572450 2019] [mpm_winnt:notice] [pid 16912:tid 800] AH00354: Child: Starting 64 worker threads.
[Mon Sep 30 14:29:55.574437 2019] [mpm_winnt:error] [pid 16912:tid 1204] (OS 10038)在一个非套接字上尝试了一个操作。  : AH00332: winnt_accept: getsockname error on listening socket, is IPv6 available?
[Mon Sep 30 14:29:55.575436 2019] [mpm_winnt:error] [pid 16912:tid 1320] (OS 10038)在一个非套接字上尝试了一个操作。  : AH00332: winnt_accept: getsockname error on listening socket, is IPv6 available?
[Mon Sep 30 14:29:57.575616 2019] [mpm_winnt:notice] [pid 16912:tid 800] AH00364: Child: All worker threads have exited.
[Mon Sep 30 14:29:57.598223 2019] [mpm_winnt:notice] [pid 12928:tid 840] AH00430: Parent: Child process 16912 exited successfully.
[Fri Feb 21 23:28:11.651464 2020] [mpm_winnt:notice] [pid 27316:tid 816] AH00455: Apache/2.4.23 (Win32) PHP/5.4.45 configured -- resuming normal operations
[Fri Feb 21 23:28:11.651464 2020] [mpm_winnt:notice] [pid 27316:tid 816] AH00456: Apache Lounge VC10 Server built: Jul  9 2016 11:13:35
[Fri Feb 21 23:28:11.651464 2020] [core:notice] [pid 27316:tid 816] AH00094: Command line: 'httpd.exe -d H:/112_Server/Vanilla+bropack+v15+wow0/MaNGOS/website/apache'
[Fri Feb 21 23:28:11.653462 2020] [mpm_winnt:notice] [pid 27316:tid 816] AH00418: Parent: Created child process 25704
Apache server shutdown initiated...
pm_winnt:notice] [pid 25704:tid 868] AH00354: Child: Starting 64 worker threads.
[Fri Feb 21 23:28:23.217949 2020] [mpm_winnt:notice] [pid 27316:tid 816] AH00422: Parent: Received shutdown signal -- Shutting down the server.
[Fri Feb 21 23:28:25.219636 2020] [mpm_winnt:notice] [pid 25704:tid 868] AH00364: Child: All worker threads have exited.
[Fri Feb 21 23:28:25.251235 2020] [mpm_winnt:notice] [pid 27316:tid 816] AH00430: Parent: Child process 25704 exited successfully.
[Mon Mar 23 09:51:28.858285 2020] [mpm_winnt:notice] [pid 22772:tid 832] AH00455: Apache/2.4.23 (Win32) PHP/5.4.45 configured -- resuming normal operations
[Mon Mar 23 09:51:28.859284 2020] [mpm_winnt:notice] [pid 22772:tid 832] AH00456: Apache Lounge VC10 Server built: Jul  9 2016 11:13:35
[Mon Mar 23 09:51:28.859284 2020] [core:notice] [pid 22772:tid 832] AH00094: Command line: 'httpd.exe -d H:/112_Server/Vanilla+bropack+v15+wow0/MaNGOS/website/apache'
[Mon Mar 23 09:51:28.863282 2020] [mpm_winnt:notice] [pid 22772:tid 832] AH00418: Parent: Created child process 22808
Apache server interrupted...
020] [mpm_winnt:notice] [pid 22808:tid 812] AH00354: Child: Starting 64 worker threads.
[Mon Mar 23 10:24:45.327089 2020] [mpm_winnt:notice] [pid 22772:tid 832] AH00422: Parent: Received shutdown signal -- Shutting down the server.
Apache server interrupted...
[Mon Mar 23 10:24:47.328956 2020] [mpm_winnt:notice] [pid 22808:tid 812] AH00364: Child: All worker threads have exited.
[Mon Mar 23 10:24:47.368945 2020] [mpm_winnt:notice] [pid 22772:tid 832] AH00430: Parent: Child process 22808 exited successfully.
[Mon Mar 23 10:26:46.013167 2020] [mpm_winnt:notice] [pid 20124:tid 796] AH00455: Apache/2.4.23 (Win32) PHP/5.4.45 configured -- resuming normal operations
[Mon Mar 23 10:26:46.013167 2020] [mpm_winnt:notice] [pid 20124:tid 796] AH00456: Apache Lounge VC10 Server built: Jul  9 2016 11:13:35
[Mon Mar 23 10:26:46.013167 2020] [core:notice] [pid 20124:tid 796] AH00094: Command line: 'httpd.exe -d H:/112_Server/Vanilla+bropack+v15+wow0/MaNGOS/website/apache'
[Mon Mar 23 10:26:46.019179 2020] [mpm_winnt:notice] [pid 20124:tid 796] AH00418: Parent: Created child process 25172
Apache server shutdown initiated...
pm_winnt:notice] [pid 25172:tid 732] AH00354: Child: Starting 64 worker threads.
[Mon Mar 23 10:27:56.308005 2020] [mpm_winnt:notice] [pid 20124:tid 796] AH00422: Parent: Received shutdown signal -- Shutting down the server.
[Mon Mar 23 10:27:58.309521 2020] [mpm_winnt:notice] [pid 25172:tid 732] AH00364: Child: All worker threads have exited.
[Mon Mar 23 10:27:58.335494 2020] [mpm_winnt:notice] [pid 20124:tid 796] AH00430: Parent: Child process 25172 exited successfully.
[Tue Mar 24 18:54:53.917140 2020] [mpm_winnt:notice] [pid 166960:tid 788] AH00455: Apache/2.4.23 (Win32) PHP/5.4.45 configured -- resuming normal operations
[Tue Mar 24 18:54:53.918139 2020] [mpm_winnt:notice] [pid 166960:tid 788] AH00456: Apache Lounge VC10 Server built: Jul  9 2016 11:13:35
[Tue Mar 24 18:54:53.918139 2020] [core:notice] [pid 166960:tid 788] AH00094: Command line: 'H:\\112_Server\\Vanilla+bropack+v15+wow0\\MaNGOS\\website\\apache\\bin\\httpd.exe -d H:/112_Server/Vanilla+bropack+v15+wow0/MaNGOS/website/apache'
[Tue Mar 24 18:54:53.925133 2020] [mpm_winnt:notice] [pid 166960:tid 788] AH00418: Parent: Created child process 189620
[Tue Mar 24 18:54:54.615597 2020] [mpm_winnt:notice] [pid 189620:tid 700] AH00354: Child: Starting 64 worker threads.
[Tue Mar 24 18:54:59.385593 2020] [mpm_winnt:crit] [pid 189620:tid 700] AH02538: Child: Parent process exited abruptly. Child process is ending
[Sun Mar 29 01:07:46.238142 2020] [core:warn] [pid 65568:tid 780] AH00098: pid file H:/112_Server/Vanilla+bropack+v15+wow0/MaNGOS/website/apache/logs/httpd.pid overwritten -- Unclean shutdown of previous Apache run?
[Sun Mar 29 01:07:46.296097 2020] [mpm_winnt:notice] [pid 65568:tid 780] AH00455: Apache/2.4.23 (Win32) PHP/5.4.45 configured -- resuming normal operations
[Sun Mar 29 01:07:46.296097 2020] [mpm_winnt:notice] [pid 65568:tid 780] AH00456: Apache Lounge VC10 Server built: Jul  9 2016 11:13:35
[Sun Mar 29 01:07:46.296097 2020] [core:notice] [pid 65568:tid 780] AH00094: Command line: 'httpd.exe -d H:/WOWServer/Source/WEMULauncher/netsrc/WEMULauncher/WEMULauncher/WEMULauncher/bin/Debug/website/apache'
[Sun Mar 29 01:07:46.298095 2020] [mpm_winnt:notice] [pid 65568:tid 780] AH00418: Parent: Created child process 1776
Apache server shutdown initiated...
pm_winnt:notice] [pid 1776:tid 808] AH00354: Child: Starting 64 worker threads.
[Sun Mar 29 01:07:50.871359 2020] [mpm_winnt:notice] [pid 65568:tid 780] AH00422: Parent: Received shutdown signal -- Shutting down the server.
[Sun Mar 29 01:07:52.872922 2020] [mpm_winnt:notice] [pid 1776:tid 808] AH00364: Child: All worker threads have exited.
[Sun Mar 29 01:07:52.901898 2020] [mpm_winnt:notice] [pid 65568:tid 780] AH00430: Parent: Child process 1776 exited successfully.
[Sun Mar 29 01:08:15.785971 2020] [mpm_winnt:notice] [pid 69376:tid 828] AH00455: Apache/2.4.23 (Win32) PHP/5.4.45 configured -- resuming normal operations
[Sun Mar 29 01:08:15.785971 2020] [mpm_winnt:notice] [pid 69376:tid 828] AH00456: Apache Lounge VC10 Server built: Jul  9 2016 11:13:35
[Sun Mar 29 01:08:15.785971 2020] [core:notice] [pid 69376:tid 828] AH00094: Command line: 'httpd.exe -d H:/WOWServer/Source/WEMULauncher/netsrc/WEMULauncher/WEMULauncher/WEMULauncher/bin/Debug/website/apache'
[Sun Mar 29 01:08:15.788968 2020] [mpm_winnt:notice] [pid 69376:tid 828] AH00418: Parent: Created child process 94620
Apache server shutdown initiated...
pm_winnt:notice] [pid 94620:tid 808] AH00354: Child: Starting 64 worker threads.
[Sun Mar 29 01:08:26.852202 2020] [mpm_winnt:notice] [pid 69376:tid 828] AH00422: Parent: Received shutdown signal -- Shutting down the server.
[Sun Mar 29 01:08:28.855010 2020] [mpm_winnt:notice] [pid 94620:tid 808] AH00364: Child: All worker threads have exited.
[Sun Mar 29 01:08:28.883988 2020] [mpm_winnt:notice] [pid 69376:tid 828] AH00430: Parent: Child process 94620 exited successfully.
[Sun Mar 29 01:10:26.010920 2020] [mpm_winnt:notice] [pid 34056:tid 792] AH00455: Apache/2.4.23 (Win32) PHP/5.4.45 configured -- resuming normal operations
[Sun Mar 29 01:10:26.010920 2020] [mpm_winnt:notice] [pid 34056:tid 792] AH00456: Apache Lounge VC10 Server built: Jul  9 2016 11:13:35
[Sun Mar 29 01:10:26.010920 2020] [core:notice] [pid 34056:tid 792] AH00094: Command line: 'httpd.exe -d H:/WOWServer/Source/WEMULauncher/netsrc/WEMULauncher/WEMULauncher/WEMULauncher/bin/Debug/website/apache'
[Sun Mar 29 01:10:26.013920 2020] [mpm_winnt:notice] [pid 34056:tid 792] AH00418: Parent: Created child process 103400
Apache server shutdown initiated...
pm_winnt:notice] [pid 103400:tid 828] AH00354: Child: Starting 64 worker threads.
[Sun Mar 29 01:10:27.343958 2020] [mpm_winnt:notice] [pid 34056:tid 792] AH00422: Parent: Received shutdown signal -- Shutting down the server.
[Sun Mar 29 01:10:29.346831 2020] [mpm_winnt:notice] [pid 103400:tid 828] AH00364: Child: All worker threads have exited.
[Sun Mar 29 01:10:29.400821 2020] [mpm_winnt:notice] [pid 34056:tid 792] AH00430: Parent: Child process 103400 exited successfully.
[Sun May 10 00:56:14.780028 2020] [mpm_winnt:notice] [pid 20748:tid 876] AH00455: Apache/2.4.23 (Win32) PHP/5.4.45 configured -- resuming normal operations
[Sun May 10 00:56:14.780028 2020] [mpm_winnt:notice] [pid 20748:tid 876] AH00456: Apache Lounge VC10 Server built: Jul  9 2016 11:13:35
[Sun May 10 00:56:14.780028 2020] [core:notice] [pid 20748:tid 876] AH00094: Command line: 'httpd.exe -d H:/735_Server/epicwow/InterestingLegionAIO/website/apache'
[Sun May 10 00:56:14.782010 2020] [mpm_winnt:notice] [pid 20748:tid 876] AH00418: Parent: Created child process 19292
Apache server interrupted...
020] [mpm_winnt:notice] [pid 19292:tid 820] AH00354: Child: Starting 64 worker threads.
[Sun May 10 01:00:29.198002 2020] [:error] [pid 19292:tid 1316] [client 127.0.0.1:45933] PHP Notice:  Undefined variable: conn in H:\\735_Server\\epicwow\\InterestingLegionAIO\\website\\htdocs\\config\\cms.php on line 10, referer: http://127.0.0.1/video.php
[Sun May 10 01:00:29.198002 2020] [:error] [pid 19292:tid 1316] [client 127.0.0.1:45933] PHP Warning:  mysqli_set_charset() expects parameter 1 to be mysqli, null given in H:\\735_Server\\epicwow\\InterestingLegionAIO\\website\\htdocs\\config\\cms.php on line 10, referer: http://127.0.0.1/video.php
[Sun May 10 01:36:52.493906 2020] [mpm_winnt:notice] [pid 20748:tid 876] AH00422: Parent: Received shutdown signal -- Shutting down the server.
[Sun May 10 01:36:54.497322 2020] [mpm_winnt:notice] [pid 19292:tid 820] AH00364: Child: All worker threads have exited.
[Sun May 10 01:36:54.543096 2020] [mpm_winnt:notice] [pid 20748:tid 876] AH00430: Parent: Child process 19292 exited successfully.
[Sun May 10 01:48:04.566184 2020] [mpm_winnt:notice] [pid 13696:tid 828] AH00455: Apache/2.4.23 (Win32) PHP/5.4.45 configured -- resuming normal operations
[Sun May 10 01:48:04.567183 2020] [mpm_winnt:notice] [pid 13696:tid 828] AH00456: Apache Lounge VC10 Server built: Jul  9 2016 11:13:35
[Sun May 10 01:48:04.567183 2020] [core:notice] [pid 13696:tid 828] AH00094: Command line: 'httpd.exe -d H:/735_Server/epicwow/InterestingLegionAIO/website-bro/apache'
[Sun May 10 01:48:04.568937 2020] [mpm_winnt:notice] [pid 13696:tid 828] AH00418: Parent: Created child process 29248
Apache server shutdown initiated...
pm_winnt:notice] [pid 29248:tid 4] AH00354: Child: Starting 64 worker threads.
[Sun May 10 02:00:29.642094 2020] [:error] [pid 29248:tid 1320] [client 127.0.0.1:54884] PHP Fatal error:  Can't use function return value in write context in H:\\735_Server\\epicwow\\InterestingLegionAIO\\website-bro\\htdocs\\application\\loader.php on line 38
[Sun May 10 02:05:28.699066 2020] [mpm_winnt:notice] [pid 13696:tid 828] AH00422: Parent: Received shutdown signal -- Shutting down the server.
[Sun May 10 02:05:30.701253 2020] [mpm_winnt:notice] [pid 29248:tid 4] AH00364: Child: All worker threads have exited.
[Sun May 10 02:05:30.737207 2020] [mpm_winnt:notice] [pid 13696:tid 828] AH00430: Parent: Child process 29248 exited successfully.
PHP Warning:  PHP Startup: Unable to load dynamic library 'H:/735_Server/epicwow/InterestingLegionAIO/usbweb/usbwebserver_v8.6.2/usbwebserver\\php\\ext\\php_curl.dll' - \xef\xbf\xbd\xd2\xb2\xef\xbf\xbd\xef\xbf\xbd\xef\xbf\xbd\xd6\xb8\xef\xbf\xbd\xef\xbf\xbd\xef\xbf\xbd\xef\xbf\xbd\xc4\xa3\xef\xbf\xbd\xe9\xa1\xa3\r\n in Unknown on line 0
PHP Warning:  PHP Startup: Unable to load dynamic library 'H:/735_Server/epicwow/InterestingLegionAIO/usbweb/usbwebserver_v8.6.2/usbwebserver\\php\\ext\\php_gd2.dll' - \xef\xbf\xbd\xd2\xb2\xef\xbf\xbd\xef\xbf\xbd\xef\xbf\xbd\xd6\xb8\xef\xbf\xbd\xef\xbf\xbd\xef\xbf\xbd\xef\xbf\xbd\xc4\xa3\xef\xbf\xbd\xe9\xa1\xa3\r\n in Unknown on line 0
PHP Warning:  PHP Startup: Unable to load dynamic library 'H:/735_Server/epicwow/InterestingLegionAIO/usbweb/usbwebserver_v8.6.2/usbwebserver\\php\\ext\\php_imap.dll' - \xef\xbf\xbd\xd2\xb2\xef\xbf\xbd\xef\xbf\xbd\xef\xbf\xbd\xd6\xb8\xef\xbf\xbd\xef\xbf\xbd\xef\xbf\xbd\xef\xbf\xbd\xc4\xa3\xef\xbf\xbd\xe9\xa1\xa3\r\n in Unknown on line 0
PHP Warning:  PHP Startup: Unable to load dynamic library 'H:/735_Server/epicwow/InterestingLegionAIO/usbweb/usbwebserver_v8.6.2/usbwebserver\\php\\ext\\php_mbstring.dll' - \xef\xbf\xbd\xd2\xb2\xef\xbf\xbd\xef\xbf\xbd\xef\xbf\xbd\xd6\xb8\xef\xbf\xbd\xef\xbf\xbd\xef\xbf\xbd\xef\xbf\xbd\xc4\xa3\xef\xbf\xbd\xe9\xa1\xa3\r\n in Unknown on line 0
PHP Warning:  PHP Startup: Unable to load dynamic library 'H:/735_Server/epicwow/InterestingLegionAIO/usbweb/usbwebserver_v8.6.2/usbwebserver\\php\\ext\\php_exif.dll' - \xef\xbf\xbd\xd2\xb2\xef\xbf\xbd\xef\xbf\xbd\xef\xbf\xbd\xd6\xb8\xef\xbf\xbd\xef\xbf\xbd\xef\xbf\xbd\xef\xbf\xbd\xc4\xa3\xef\xbf\xbd\xe9\xa1\xa3\r\n in Unknown on line 0
PHP Warning:  PHP Startup: Unable to load dynamic library 'H:/735_Server/epicwow/InterestingLegionAIO/usbweb/usbwebserver_v8.6.2/usbwebserver\\php\\ext\\php_mysqli.dll' - \xef\xbf\xbd\xd2\xb2\xef\xbf\xbd\xef\xbf\xbd\xef\xbf\xbd\xd6\xb8\xef\xbf\xbd\xef\xbf\xbd\xef\xbf\xbd\xef\xbf\xbd\xc4\xa3\xef\xbf\xbd\xe9\xa1\xa3\r\n in Unknown on line 0
PHP Warning:  PHP Startup: Unable to load dynamic library 'H:/735_Server/epicwow/InterestingLegionAIO/usbweb/usbwebserver_v8.6.2/usbwebserver\\php\\ext\\php_openssl.dll' - \xef\xbf\xbd\xd2\xb2\xef\xbf\xbd\xef\xbf\xbd\xef\xbf\xbd\xd6\xb8\xef\xbf\xbd\xef\xbf\xbd\xef\xbf\xbd\xef\xbf\xbd\xc4\xa3\xef\xbf\xbd\xe9\xa1\xa3\r\n in Unknown on line 0
PHP Warning:  PHP Startup: Unable to load dynamic library 'H:/735_Server/epicwow/InterestingLegionAIO/usbweb/usbwebserver_v8.6.2/usbwebserver\\php\\ext\\php_pdo_mysql.dll' - \xef\xbf\xbd\xd2\xb2\xef\xbf\xbd\xef\xbf\xbd\xef\xbf\xbd\xd6\xb8\xef\xbf\xbd\xef\xbf\xbd\xef\xbf\xbd\xef\xbf\xbd\xc4\xa3\xef\xbf\xbd\xe9\xa1\xa3\r\n in Unknown on line 0
PHP Warning:  PHP Startup: Unable to load dynamic library 'H:/735_Server/epicwow/InterestingLegionAIO/usbweb/usbwebserver_v8.6.2/usbwebserver\\php\\ext\\php_pdo_pgsql.dll' - \xef\xbf\xbd\xd2\xb2\xef\xbf\xbd\xef\xbf\xbd\xef\xbf\xbd\xd6\xb8\xef\xbf\xbd\xef\xbf\xbd\xef\xbf\xbd\xef\xbf\xbd\xc4\xa3\xef\xbf\xbd\xe9\xa1\xa3\r\n in Unknown on line 0
PHP Warning:  PHP Startup: Unable to load dynamic library 'H:/735_Server/epicwow/InterestingLegionAIO/usbweb/usbwebserver_v8.6.2/usbwebserver\\php\\ext\\php_pdo_sqlite.dll' - \xef\xbf\xbd\xd2\xb2\xef\xbf\xbd\xef\xbf\xbd\xef\xbf\xbd\xd6\xb8\xef\xbf\xbd\xef\xbf\xbd\xef\xbf\xbd\xef\xbf\xbd\xc4\xa3\xef\xbf\xbd\xe9\xa1\xa3\r\n in Unknown on line 0
PHP Warning:  PHP Startup: Unable to load dynamic library 'H:/735_Server/epicwow/InterestingLegionAIO/usbweb/usbwebserver_v8.6.2/usbwebserver\\php\\ext\\php_soap.dll' - \xef\xbf\xbd\xd2\xb2\xef\xbf\xbd\xef\xbf\xbd\xef\xbf\xbd\xd6\xb8\xef\xbf\xbd\xef\xbf\xbd\xef\xbf\xbd\xef\xbf\xbd\xc4\xa3\xef\xbf\xbd\xe9\xa1\xa3\r\n in Unknown on line 0
PHP Warning:  PHP Startup: Unable to load dynamic library 'H:/735_Server/epicwow/InterestingLegionAIO/usbweb/usbwebserver_v8.6.2/usbwebserver\\php\\ext\\php_sockets.dll' - \xef\xbf\xbd\xd2\xb2\xef\xbf\xbd\xef\xbf\xbd\xef\xbf\xbd\xd6\xb8\xef\xbf\xbd\xef\xbf\xbd\xef\xbf\xbd\xef\xbf\xbd\xc4\xa3\xef\xbf\xbd\xe9\xa1\xa3\r\n in Unknown on line 0
PHP Warning:  PHP Startup: Unable to load dynamic library 'H:/735_Server/epicwow/InterestingLegionAIO/usbweb/usbwebserver_v8.6.2/usbwebserver\\php\\ext\\php_sqlite3.dll' - \xef\xbf\xbd\xd2\xb2\xef\xbf\xbd\xef\xbf\xbd\xef\xbf\xbd\xd6\xb8\xef\xbf\xbd\xef\xbf\xbd\xef\xbf\xbd\xef\xbf\xbd\xc4\xa3\xef\xbf\xbd\xe9\xa1\xa3\r\n in Unknown on line 0
PHP Warning:  PHP Startup: Unable to load dynamic library 'H:/735_Server/epicwow/InterestingLegionAIO/usbweb/usbwebserver_v8.6.2/usbwebserver\\php\\ext\\php_tidy.dll' - \xef\xbf\xbd\xd2\xb2\xef\xbf\xbd\xef\xbf\xbd\xef\xbf\xbd\xd6\xb8\xef\xbf\xbd\xef\xbf\xbd\xef\xbf\xbd\xef\xbf\xbd\xc4\xa3\xef\xbf\xbd\xe9\xa1\xa3\r\n in Unknown on line 0
[Sun May 10 02:26:48.882550 2020] [mpm_winnt:notice] [pid 35412:tid 800] AH00455: Apache/2.4.23 (Win32) PHP/5.6.32 configured -- resuming normal operations
[Sun May 10 02:26:48.882550 2020] [mpm_winnt:notice] [pid 35412:tid 800] AH00456: Apache Lounge VC10 Server built: Jul  9 2016 11:13:35
[Sun May 10 02:26:48.882550 2020] [core:notice] [pid 35412:tid 800] AH00094: Command line: 'httpd.exe -d H:/735_Server/epicwow/InterestingLegionAIO/website-bro/apache'
[Sun May 10 02:26:48.884550 2020] [mpm_winnt:notice] [pid 35412:tid 800] AH00418: Parent: Created child process 35316
Apache server shutdown initiated...
 load dynamic library 'H:/735_Server/epicwow/InterestingLegionAIO/usbweb/usbwebserver_v8.6.2/usbwebserver\\php\\ext\\php_curl.dll' - \xef\xbf\xbd\xd2\xb2\xef\xbf\xbd\xef\xbf\xbd\xef\xbf\xbd\xd6\xb8\xef\xbf\xbd\xef\xbf\xbd\xef\xbf\xbd\xef\xbf\xbd\xc4\xa3\xef\xbf\xbd\xe9\xa1\xa3\r\n in Unknown on line 0
PHP Warning:  PHP Startup: Unable to load dynamic library 'H:/735_Server/epicwow/InterestingLegionAIO/usbweb/usbwebserver_v8.6.2/usbwebserver\\php\\ext\\php_gd2.dll' - \xef\xbf\xbd\xd2\xb2\xef\xbf\xbd\xef\xbf\xbd\xef\xbf\xbd\xd6\xb8\xef\xbf\xbd\xef\xbf\xbd\xef\xbf\xbd\xef\xbf\xbd\xc4\xa3\xef\xbf\xbd\xe9\xa1\xa3\r\n in Unknown on line 0
PHP Warning:  PHP Startup: Unable to load dynamic library 'H:/735_Server/epicwow/InterestingLegionAIO/usbweb/usbwebserver_v8.6.2/usbwebserver\\php\\ext\\php_imap.dll' - \xef\xbf\xbd\xd2\xb2\xef\xbf\xbd\xef\xbf\xbd\xef\xbf\xbd\xd6\xb8\xef\xbf\xbd\xef\xbf\xbd\xef\xbf\xbd\xef\xbf\xbd\xc4\xa3\xef\xbf\xbd\xe9\xa1\xa3\r\n in Unknown on line 0
PHP Warning:  PHP Startup: Unable to load dynamic library 'H:/735_Server/epicwow/InterestingLegionAIO/usbweb/usbwebserver_v8.6.2/usbwebserver\\php\\ext\\php_mbstring.dll' - \xef\xbf\xbd\xd2\xb2\xef\xbf\xbd\xef\xbf\xbd\xef\xbf\xbd\xd6\xb8\xef\xbf\xbd\xef\xbf\xbd\xef\xbf\xbd\xef\xbf\xbd\xc4\xa3\xef\xbf\xbd\xe9\xa1\xa3\r\n in Unknown on line 0
PHP Warning:  PHP Startup: Unable to load dynamic library 'H:/735_Server/epicwow/InterestingLegionAIO/usbweb/usbwebserver_v8.6.2/usbwebserver\\php\\ext\\php_exif.dll' - \xef\xbf\xbd\xd2\xb2\xef\xbf\xbd\xef\xbf\xbd\xef\xbf\xbd\xd6\xb8\xef\xbf\xbd\xef\xbf\xbd\xef\xbf\xbd\xef\xbf\xbd\xc4\xa3\xef\xbf\xbd\xe9\xa1\xa3\r\n in Unknown on line 0
PHP Warning:  PHP Startup: Unable to load dynamic library 'H:/735_Server/epicwow/InterestingLegionAIO/usbweb/usbwebserver_v8.6.2/usbwebserver\\php\\ext\\php_mysqli.dll' - \xef\xbf\xbd\xd2\xb2\xef\xbf\xbd\xef\xbf\xbd\xef\xbf\xbd\xd6\xb8\xef\xbf\xbd\xef\xbf\xbd\xef\xbf\xbd\xef\xbf\xbd\xc4\xa3\xef\xbf\xbd\xe9\xa1\xa3\r\n in Unknown on line 0
PHP Warning:  PHP Startup: Unable to load dynamic library 'H:/735_Server/epicwow/InterestingLegionAIO/usbweb/usbwebserver_v8.6.2/usbwebserver\\php\\ext\\php_openssl.dll' - \xef\xbf\xbd\xd2\xb2\xef\xbf\xbd\xef\xbf\xbd\xef\xbf\xbd\xd6\xb8\xef\xbf\xbd\xef\xbf\xbd\xef\xbf\xbd\xef\xbf\xbd\xc4\xa3\xef\xbf\xbd\xe9\xa1\xa3\r\n in Unknown on line 0
PHP Warning:  PHP Startup: Unable to load dynamic library 'H:/735_Server/epicwow/InterestingLegionAIO/usbweb/usbwebserver_v8.6.2/usbwebserver\\php\\ext\\php_pdo_mysql.dll' - \xef\xbf\xbd\xd2\xb2\xef\xbf\xbd\xef\xbf\xbd\xef\xbf\xbd\xd6\xb8\xef\xbf\xbd\xef\xbf\xbd\xef\xbf\xbd\xef\xbf\xbd\xc4\xa3\xef\xbf\xbd\xe9\xa1\xa3\r\n in Unknown on line 0
PHP Warning:  PHP Startup: Unable to load dynamic library 'H:/735_Server/epicwow/InterestingLegionAIO/usbweb/usbwebserver_v8.6.2/usbwebserver\\php\\ext\\php_pdo_pgsql.dll' - \xef\xbf\xbd\xd2\xb2\xef\xbf\xbd\xef\xbf\xbd\xef\xbf\xbd\xd6\xb8\xef\xbf\xbd\xef\xbf\xbd\xef\xbf\xbd\xef\xbf\xbd\xc4\xa3\xef\xbf\xbd\xe9\xa1\xa3\r\n in Unknown on line 0
PHP Warning:  PHP Startup: Unable to load dynamic library 'H:/735_Server/epicwow/InterestingLegionAIO/usbweb/usbwebserver_v8.6.2/usbwebserver\\php\\ext\\php_pdo_sqlite.dll' - \xef\xbf\xbd\xd2\xb2\xef\xbf\xbd\xef\xbf\xbd\xef\xbf\xbd\xd6\xb8\xef\xbf\xbd\xef\xbf\xbd\xef\xbf\xbd\xef\xbf\xbd\xc4\xa3\xef\xbf\xbd\xe9\xa1\xa3\r\n in Unknown on line 0
PHP Warning:  PHP Startup: Unable to load dynamic library 'H:/735_Server/epicwow/InterestingLegionAIO/usbweb/usbwebserver_v8.6.2/usbwebserver\\php\\ext\\php_soap.dll' - \xef\xbf\xbd\xd2\xb2\xef\xbf\xbd\xef\xbf\xbd\xef\xbf\xbd\xd6\xb8\xef\xbf\xbd\xef\xbf\xbd\xef\xbf\xbd\xef\xbf\xbd\xc4\xa3\xef\xbf\xbd\xe9\xa1\xa3\r\n in Unknown on line 0
PHP Warning:  PHP Startup: Unable to load dynamic library 'H:/735_Server/epicwow/InterestingLegionAIO/usbweb/usbwebserver_v8.6.2/usbwebserver\\php\\ext\\php_sockets.dll' - \xef\xbf\xbd\xd2\xb2\xef\xbf\xbd\xef\xbf\xbd\xef\xbf\xbd\xd6\xb8\xef\xbf\xbd\xef\xbf\xbd\xef\xbf\xbd\xef\xbf\xbd\xc4\xa3\xef\xbf\xbd\xe9\xa1\xa3\r\n in Unknown on line 0
PHP Warning:  PHP Startup: Unable to load dynamic library 'H:/735_Server/epicwow/InterestingLegionAIO/usbweb/usbwebserver_v8.6.2/usbwebserver\\php\\ext\\php_sqlite3.dll' - \xef\xbf\xbd\xd2\xb2\xef\xbf\xbd\xef\xbf\xbd\xef\xbf\xbd\xd6\xb8\xef\xbf\xbd\xef\xbf\xbd\xef\xbf\xbd\xef\xbf\xbd\xc4\xa3\xef\xbf\xbd\xe9\xa1\xa3\r\n in Unknown on line 0
PHP Warning:  PHP Startup: Unable to load dynamic library 'H:/735_Server/epicwow/InterestingLegionAIO/usbweb/usbwebserver_v8.6.2/usbwebserver\\php\\ext\\php_tidy.dll' - \xef\xbf\xbd\xd2\xb2\xef\xbf\xbd\xef\xbf\xbd\xef\xbf\xbd\xd6\xb8\xef\xbf\xbd\xef\xbf\xbd\xef\xbf\xbd\xef\xbf\xbd\xc4\xa3\xef\xbf\xbd\xe9\xa1\xa3\r\n in Unknown on line 0
[Sun May 10 02:26:49.533045 2020] [mpm_winnt:notice] [pid 35316:tid 4] AH00354: Child: Starting 64 worker threads.
[Sun May 10 02:26:59.475030 2020] [mpm_winnt:notice] [pid 35412:tid 800] AH00422: Parent: Received shutdown signal -- Shutting down the server.
[Sun May 10 02:27:01.476756 2020] [mpm_winnt:notice] [pid 35316:tid 4] AH00364: Child: All worker threads have exited.
[Sun May 10 02:27:01.500747 2020] [mpm_winnt:notice] [pid 35412:tid 800] AH00430: Parent: Child process 35316 exited successfully.
PHP Warning:  PHP Startup: Unable to load dynamic library 'H:\\735_Server\\epicwow\\InterestingLegionAIO\\website-bro\\php\\ext\\php_curl.dll' - \xef\xbf\xbd\xd2\xb2\xef\xbf\xbd\xef\xbf\xbd\xef\xbf\xbd\xd6\xb8\xef\xbf\xbd\xef\xbf\xbd\xef\xbf\xbd\xef\xbf\xbd\xc4\xa3\xef\xbf\xbd\xe9\xa1\xa3\r\n in Unknown on line 0
PHP Warning:  PHP Startup: Unable to load dynamic library 'H:\\735_Server\\epicwow\\InterestingLegionAIO\\website-bro\\php\\ext\\php_gd2.dll' - \xef\xbf\xbd\xd2\xb2\xef\xbf\xbd\xef\xbf\xbd\xef\xbf\xbd\xd6\xb8\xef\xbf\xbd\xef\xbf\xbd\xef\xbf\xbd\xef\xbf\xbd\xc4\xa3\xef\xbf\xbd\xe9\xa1\xa3\r\n in Unknown on line 0
PHP Warning:  PHP Startup: Unable to load dynamic library 'H:\\735_Server\\epicwow\\InterestingLegionAIO\\website-bro\\php\\ext\\php_imap.dll' - \xef\xbf\xbd\xd2\xb2\xef\xbf\xbd\xef\xbf\xbd\xef\xbf\xbd\xd6\xb8\xef\xbf\xbd\xef\xbf\xbd\xef\xbf\xbd\xef\xbf\xbd\xc4\xa3\xef\xbf\xbd\xe9\xa1\xa3\r\n in Unknown on line 0
PHP Warning:  PHP Startup: Unable to load dynamic library 'H:\\735_Server\\epicwow\\InterestingLegionAIO\\website-bro\\php\\ext\\php_mbstring.dll' - \xef\xbf\xbd\xd2\xb2\xef\xbf\xbd\xef\xbf\xbd\xef\xbf\xbd\xd6\xb8\xef\xbf\xbd\xef\xbf\xbd\xef\xbf\xbd\xef\xbf\xbd\xc4\xa3\xef\xbf\xbd\xe9\xa1\xa3\r\n in Unknown on line 0
PHP Warning:  PHP Startup: Unable to load dynamic library 'H:\\735_Server\\epicwow\\InterestingLegionAIO\\website-bro\\php\\ext\\php_exif.dll' - \xef\xbf\xbd\xd2\xb2\xef\xbf\xbd\xef\xbf\xbd\xef\xbf\xbd\xd6\xb8\xef\xbf\xbd\xef\xbf\xbd\xef\xbf\xbd\xef\xbf\xbd\xc4\xa3\xef\xbf\xbd\xe9\xa1\xa3\r\n in Unknown on line 0
PHP Warning:  PHP Startup: Unable to load dynamic library 'H:\\735_Server\\epicwow\\InterestingLegionAIO\\website-bro\\php\\ext\\php_mysqli.dll' - \xef\xbf\xbd\xd2\xb2\xef\xbf\xbd\xef\xbf\xbd\xef\xbf\xbd\xd6\xb8\xef\xbf\xbd\xef\xbf\xbd\xef\xbf\xbd\xef\xbf\xbd\xc4\xa3\xef\xbf\xbd\xe9\xa1\xa3\r\n in Unknown on line 0
PHP Warning:  PHP Startup: Unable to load dynamic library 'H:\\735_Server\\epicwow\\InterestingLegionAIO\\website-bro\\php\\ext\\php_openssl.dll' - \xef\xbf\xbd\xd2\xb2\xef\xbf\xbd\xef\xbf\xbd\xef\xbf\xbd\xd6\xb8\xef\xbf\xbd\xef\xbf\xbd\xef\xbf\xbd\xef\xbf\xbd\xc4\xa3\xef\xbf\xbd\xe9\xa1\xa3\r\n in Unknown on line 0
PHP Warning:  PHP Startup: Unable to load dynamic library 'H:\\735_Server\\epicwow\\InterestingLegionAIO\\website-bro\\php\\ext\\php_pdo_mysql.dll' - \xef\xbf\xbd\xd2\xb2\xef\xbf\xbd\xef\xbf\xbd\xef\xbf\xbd\xd6\xb8\xef\xbf\xbd\xef\xbf\xbd\xef\xbf\xbd\xef\xbf\xbd\xc4\xa3\xef\xbf\xbd\xe9\xa1\xa3\r\n in Unknown on line 0
PHP Warning:  PHP Startup: Unable to load dynamic library 'H:\\735_Server\\epicwow\\InterestingLegionAIO\\website-bro\\php\\ext\\php_pdo_pgsql.dll' - \xef\xbf\xbd\xd2\xb2\xef\xbf\xbd\xef\xbf\xbd\xef\xbf\xbd\xd6\xb8\xef\xbf\xbd\xef\xbf\xbd\xef\xbf\xbd\xef\xbf\xbd\xc4\xa3\xef\xbf\xbd\xe9\xa1\xa3\r\n in Unknown on line 0
PHP Warning:  PHP Startup: Unable to load dynamic library 'H:\\735_Server\\epicwow\\InterestingLegionAIO\\website-bro\\php\\ext\\php_pdo_sqlite.dll' - \xef\xbf\xbd\xd2\xb2\xef\xbf\xbd\xef\xbf\xbd\xef\xbf\xbd\xd6\xb8\xef\xbf\xbd\xef\xbf\xbd\xef\xbf\xbd\xef\xbf\xbd\xc4\xa3\xef\xbf\xbd\xe9\xa1\xa3\r\n in Unknown on line 0
PHP Warning:  PHP Startup: Unable to load dynamic library 'H:\\735_Server\\epicwow\\InterestingLegionAIO\\website-bro\\php\\ext\\php_soap.dll' - \xef\xbf\xbd\xd2\xb2\xef\xbf\xbd\xef\xbf\xbd\xef\xbf\xbd\xd6\xb8\xef\xbf\xbd\xef\xbf\xbd\xef\xbf\xbd\xef\xbf\xbd\xc4\xa3\xef\xbf\xbd\xe9\xa1\xa3\r\n in Unknown on line 0
PHP Warning:  PHP Startup: Unable to load dynamic library 'H:\\735_Server\\epicwow\\InterestingLegionAIO\\website-bro\\php\\ext\\php_sockets.dll' - \xef\xbf\xbd\xd2\xb2\xef\xbf\xbd\xef\xbf\xbd\xef\xbf\xbd\xd6\xb8\xef\xbf\xbd\xef\xbf\xbd\xef\xbf\xbd\xef\xbf\xbd\xc4\xa3\xef\xbf\xbd\xe9\xa1\xa3\r\n in Unknown on line 0
PHP Warning:  PHP Startup: Unable to load dynamic library 'H:\\735_Server\\epicwow\\InterestingLegionAIO\\website-bro\\php\\ext\\php_sqlite3.dll' - \xef\xbf\xbd\xd2\xb2\xef\xbf\xbd\xef\xbf\xbd\xef\xbf\xbd\xd6\xb8\xef\xbf\xbd\xef\xbf\xbd\xef\xbf\xbd\xef\xbf\xbd\xc4\xa3\xef\xbf\xbd\xe9\xa1\xa3\r\n in Unknown on line 0
PHP Warning:  PHP Startup: Unable to load dynamic library 'H:\\735_Server\\epicwow\\InterestingLegionAIO\\website-bro\\php\\ext\\php_tidy.dll' - \xef\xbf\xbd\xd2\xb2\xef\xbf\xbd\xef\xbf\xbd\xef\xbf\xbd\xd6\xb8\xef\xbf\xbd\xef\xbf\xbd\xef\xbf\xbd\xef\xbf\xbd\xc4\xa3\xef\xbf\xbd\xe9\xa1\xa3\r\n in Unknown on line 0
[Sun May 10 02:30:28.966627 2020] [mpm_winnt:notice] [pid 36700:tid 660] AH00455: Apache/2.4.23 (Win32) PHP/5.6.32 configured -- resuming normal operations
[Sun May 10 02:30:28.966627 2020] [mpm_winnt:notice] [pid 36700:tid 660] AH00456: Apache Lounge VC10 Server built: Jul  9 2016 11:13:35
[Sun May 10 02:30:28.966627 2020] [core:notice] [pid 36700:tid 660] AH00094: Command line: 'httpd.exe -d H:/735_Server/epicwow/InterestingLegionAIO/website-bro/apache'
[Sun May 10 02:30:28.968626 2020] [mpm_winnt:notice] [pid 36700:tid 660] AH00418: Parent: Created child process 36796
Apache server shutdown initiated...
 load dynamic library 'H:\\735_Server\\epicwow\\InterestingLegionAIO\\website-bro\\php\\ext\\php_curl.dll' - \xef\xbf\xbd\xd2\xb2\xef\xbf\xbd\xef\xbf\xbd\xef\xbf\xbd\xd6\xb8\xef\xbf\xbd\xef\xbf\xbd\xef\xbf\xbd\xef\xbf\xbd\xc4\xa3\xef\xbf\xbd\xe9\xa1\xa3\r\n in Unknown on line 0
PHP Warning:  PHP Startup: Unable to load dynamic library 'H:\\735_Server\\epicwow\\InterestingLegionAIO\\website-bro\\php\\ext\\php_gd2.dll' - \xef\xbf\xbd\xd2\xb2\xef\xbf\xbd\xef\xbf\xbd\xef\xbf\xbd\xd6\xb8\xef\xbf\xbd\xef\xbf\xbd\xef\xbf\xbd\xef\xbf\xbd\xc4\xa3\xef\xbf\xbd\xe9\xa1\xa3\r\n in Unknown on line 0
PHP Warning:  PHP Startup: Unable to load dynamic library 'H:\\735_Server\\epicwow\\InterestingLegionAIO\\website-bro\\php\\ext\\php_imap.dll' - \xef\xbf\xbd\xd2\xb2\xef\xbf\xbd\xef\xbf\xbd\xef\xbf\xbd\xd6\xb8\xef\xbf\xbd\xef\xbf\xbd\xef\xbf\xbd\xef\xbf\xbd\xc4\xa3\xef\xbf\xbd\xe9\xa1\xa3\r\n in Unknown on line 0
PHP Warning:  PHP Startup: Unable to load dynamic library 'H:\\735_Server\\epicwow\\InterestingLegionAIO\\website-bro\\php\\ext\\php_mbstring.dll' - \xef\xbf\xbd\xd2\xb2\xef\xbf\xbd\xef\xbf\xbd\xef\xbf\xbd\xd6\xb8\xef\xbf\xbd\xef\xbf\xbd\xef\xbf\xbd\xef\xbf\xbd\xc4\xa3\xef\xbf\xbd\xe9\xa1\xa3\r\n in Unknown on line 0
PHP Warning:  PHP Startup: Unable to load dynamic library 'H:\\735_Server\\epicwow\\InterestingLegionAIO\\website-bro\\php\\ext\\php_exif.dll' - \xef\xbf\xbd\xd2\xb2\xef\xbf\xbd\xef\xbf\xbd\xef\xbf\xbd\xd6\xb8\xef\xbf\xbd\xef\xbf\xbd\xef\xbf\xbd\xef\xbf\xbd\xc4\xa3\xef\xbf\xbd\xe9\xa1\xa3\r\n in Unknown on line 0
PHP Warning:  PHP Startup: Unable to load dynamic library 'H:\\735_Server\\epicwow\\InterestingLegionAIO\\website-bro\\php\\ext\\php_mysqli.dll' - \xef\xbf\xbd\xd2\xb2\xef\xbf\xbd\xef\xbf\xbd\xef\xbf\xbd\xd6\xb8\xef\xbf\xbd\xef\xbf\xbd\xef\xbf\xbd\xef\xbf\xbd\xc4\xa3\xef\xbf\xbd\xe9\xa1\xa3\r\n in Unknown on line 0
PHP Warning:  PHP Startup: Unable to load dynamic library 'H:\\735_Server\\epicwow\\InterestingLegionAIO\\website-bro\\php\\ext\\php_openssl.dll' - \xef\xbf\xbd\xd2\xb2\xef\xbf\xbd\xef\xbf\xbd\xef\xbf\xbd\xd6\xb8\xef\xbf\xbd\xef\xbf\xbd\xef\xbf\xbd\xef\xbf\xbd\xc4\xa3\xef\xbf\xbd\xe9\xa1\xa3\r\n in Unknown on line 0
PHP Warning:  PHP Startup: Unable to load dynamic library 'H:\\735_Server\\epicwow\\InterestingLegionAIO\\website-bro\\php\\ext\\php_pdo_mysql.dll' - \xef\xbf\xbd\xd2\xb2\xef\xbf\xbd\xef\xbf\xbd\xef\xbf\xbd\xd6\xb8\xef\xbf\xbd\xef\xbf\xbd\xef\xbf\xbd\xef\xbf\xbd\xc4\xa3\xef\xbf\xbd\xe9\xa1\xa3\r\n in Unknown on line 0
PHP Warning:  PHP Startup: Unable to load dynamic library 'H:\\735_Server\\epicwow\\InterestingLegionAIO\\website-bro\\php\\ext\\php_pdo_pgsql.dll' - \xef\xbf\xbd\xd2\xb2\xef\xbf\xbd\xef\xbf\xbd\xef\xbf\xbd\xd6\xb8\xef\xbf\xbd\xef\xbf\xbd\xef\xbf\xbd\xef\xbf\xbd\xc4\xa3\xef\xbf\xbd\xe9\xa1\xa3\r\n in Unknown on line 0
PHP Warning:  PHP Startup: Unable to load dynamic library 'H:\\735_Server\\epicwow\\InterestingLegionAIO\\website-bro\\php\\ext\\php_pdo_sqlite.dll' - \xef\xbf\xbd\xd2\xb2\xef\xbf\xbd\xef\xbf\xbd\xef\xbf\xbd\xd6\xb8\xef\xbf\xbd\xef\xbf\xbd\xef\xbf\xbd\xef\xbf\xbd\xc4\xa3\xef\xbf\xbd\xe9\xa1\xa3\r\n in Unknown on line 0
PHP Warning:  PHP Startup: Unable to load dynamic library 'H:\\735_Server\\epicwow\\InterestingLegionAIO\\website-bro\\php\\ext\\php_soap.dll' - \xef\xbf\xbd\xd2\xb2\xef\xbf\xbd\xef\xbf\xbd\xef\xbf\xbd\xd6\xb8\xef\xbf\xbd\xef\xbf\xbd\xef\xbf\xbd\xef\xbf\xbd\xc4\xa3\xef\xbf\xbd\xe9\xa1\xa3\r\n in Unknown on line 0
PHP Warning:  PHP Startup: Unable to load dynamic library 'H:\\735_Server\\epicwow\\InterestingLegionAIO\\website-bro\\php\\ext\\php_sockets.dll' - \xef\xbf\xbd\xd2\xb2\xef\xbf\xbd\xef\xbf\xbd\xef\xbf\xbd\xd6\xb8\xef\xbf\xbd\xef\xbf\xbd\xef\xbf\xbd\xef\xbf\xbd\xc4\xa3\xef\xbf\xbd\xe9\xa1\xa3\r\n in Unknown on line 0
PHP Warning:  PHP Startup: Unable to load dynamic library 'H:\\735_Server\\epicwow\\InterestingLegionAIO\\website-bro\\php\\ext\\php_sqlite3.dll' - \xef\xbf\xbd\xd2\xb2\xef\xbf\xbd\xef\xbf\xbd\xef\xbf\xbd\xd6\xb8\xef\xbf\xbd\xef\xbf\xbd\xef\xbf\xbd\xef\xbf\xbd\xc4\xa3\xef\xbf\xbd\xe9\xa1\xa3\r\n in Unknown on line 0
PHP Warning:  PHP Startup: Unable to load dynamic library 'H:\\735_Server\\epicwow\\InterestingLegionAIO\\website-bro\\php\\ext\\php_tidy.dll' - \xef\xbf\xbd\xd2\xb2\xef\xbf\xbd\xef\xbf\xbd\xef\xbf\xbd\xd6\xb8\xef\xbf\xbd\xef\xbf\xbd\xef\xbf\xbd\xef\xbf\xbd\xc4\xa3\xef\xbf\xbd\xe9\xa1\xa3\r\n in Unknown on line 0
[Sun May 10 02:30:29.766246 2020] [mpm_winnt:notice] [pid 36796:tid 884] AH00354: Child: Starting 64 worker threads.
[Sun May 10 02:31:23.067130 2020] [:error] [pid 36796:tid 1288] [client 127.0.0.1:61841] PHP Warning:  phpinfo(): It is not safe to rely on the system's timezone settings. You are *required* to use the date.timezone setting or the date_default_timezone_set() function. In case you used any of those methods and you are still getting this warning, you most likely misspelled the timezone identifier. We selected the timezone 'UTC' for now, but please set date.timezone to select your timezone. in H:\\735_Server\\epicwow\\InterestingLegionAIO\\website-bro\\htdocs\\index.php on line 47
[Sun May 10 02:32:26.143519 2020] [:error] [pid 36796:tid 1280] [client 127.0.0.1:62127] PHP Warning:  phpinfo(): It is not safe to rely on the system's timezone settings. You are *required* to use the date.timezone setting or the date_default_timezone_set() function. In case you used any of those methods and you are still getting this warning, you most likely misspelled the timezone identifier. We selected the timezone 'UTC' for now, but please set date.timezone to select your timezone. in H:\\735_Server\\epicwow\\InterestingLegionAIO\\website-bro\\htdocs\\index.php on line 47
[Sun May 10 02:32:28.882350 2020] [mpm_winnt:notice] [pid 36700:tid 660] AH00422: Parent: Received shutdown signal -- Shutting down the server.
[Sun May 10 02:32:40.986628 2020] [core:warn] [pid 30796:tid 708] AH00098: pid file H:/735_Server/epicwow/InterestingLegionAIO/website-bro/apache/logs/httpd.pid overwritten -- Unclean shutdown of previous Apache run?
PHP Warning:  PHP Startup: Unable to load dynamic library 'H:\\735_Server\\epicwow\\InterestingLegionAIO\\website-bro\\php\\ext\\php_curl.dll' - \xef\xbf\xbd\xd2\xb2\xef\xbf\xbd\xef\xbf\xbd\xef\xbf\xbd\xd6\xb8\xef\xbf\xbd\xef\xbf\xbd\xef\xbf\xbd\xef\xbf\xbd\xc4\xa3\xef\xbf\xbd\xe9\xa1\xa3\r\n in Unknown on line 0
PHP Warning:  PHP Startup: Unable to load dynamic library 'H:\\735_Server\\epicwow\\InterestingLegionAIO\\website-bro\\php\\ext\\php_gd2.dll' - \xef\xbf\xbd\xd2\xb2\xef\xbf\xbd\xef\xbf\xbd\xef\xbf\xbd\xd6\xb8\xef\xbf\xbd\xef\xbf\xbd\xef\xbf\xbd\xef\xbf\xbd\xc4\xa3\xef\xbf\xbd\xe9\xa1\xa3\r\n in Unknown on line 0
PHP Warning:  PHP Startup: Unable to load dynamic library 'H:\\735_Server\\epicwow\\InterestingLegionAIO\\website-bro\\php\\ext\\php_imap.dll' - \xef\xbf\xbd\xd2\xb2\xef\xbf\xbd\xef\xbf\xbd\xef\xbf\xbd\xd6\xb8\xef\xbf\xbd\xef\xbf\xbd\xef\xbf\xbd\xef\xbf\xbd\xc4\xa3\xef\xbf\xbd\xe9\xa1\xa3\r\n in Unknown on line 0
PHP Warning:  PHP Startup: Unable to load dynamic library 'H:\\735_Server\\epicwow\\InterestingLegionAIO\\website-bro\\php\\ext\\php_mbstring.dll' - \xef\xbf\xbd\xd2\xb2\xef\xbf\xbd\xef\xbf\xbd\xef\xbf\xbd\xd6\xb8\xef\xbf\xbd\xef\xbf\xbd\xef\xbf\xbd\xef\xbf\xbd\xc4\xa3\xef\xbf\xbd\xe9\xa1\xa3\r\n in Unknown on line 0
PHP Warning:  PHP Startup: Unable to load dynamic library 'H:\\735_Server\\epicwow\\InterestingLegionAIO\\website-bro\\php\\ext\\php_exif.dll' - \xef\xbf\xbd\xd2\xb2\xef\xbf\xbd\xef\xbf\xbd\xef\xbf\xbd\xd6\xb8\xef\xbf\xbd\xef\xbf\xbd\xef\xbf\xbd\xef\xbf\xbd\xc4\xa3\xef\xbf\xbd\xe9\xa1\xa3\r\n in Unknown on line 0
PHP Warning:  PHP Startup: Unable to load dynamic library 'H:\\735_Server\\epicwow\\InterestingLegionAIO\\website-bro\\php\\ext\\php_mysqli.dll' - \xef\xbf\xbd\xd2\xb2\xef\xbf\xbd\xef\xbf\xbd\xef\xbf\xbd\xd6\xb8\xef\xbf\xbd\xef\xbf\xbd\xef\xbf\xbd\xef\xbf\xbd\xc4\xa3\xef\xbf\xbd\xe9\xa1\xa3\r\n in Unknown on line 0
PHP Warning:  PHP Startup: Unable to load dynamic library 'H:\\735_Server\\epicwow\\InterestingLegionAIO\\website-bro\\php\\ext\\php_openssl.dll' - \xef\xbf\xbd\xd2\xb2\xef\xbf\xbd\xef\xbf\xbd\xef\xbf\xbd\xd6\xb8\xef\xbf\xbd\xef\xbf\xbd\xef\xbf\xbd\xef\xbf\xbd\xc4\xa3\xef\xbf\xbd\xe9\xa1\xa3\r\n in Unknown on line 0
PHP Warning:  PHP Startup: Unable to load dynamic library 'H:\\735_Server\\epicwow\\InterestingLegionAIO\\website-bro\\php\\ext\\php_pdo_mysql.dll' - \xef\xbf\xbd\xd2\xb2\xef\xbf\xbd\xef\xbf\xbd\xef\xbf\xbd\xd6\xb8\xef\xbf\xbd\xef\xbf\xbd\xef\xbf\xbd\xef\xbf\xbd\xc4\xa3\xef\xbf\xbd\xe9\xa1\xa3\r\n in Unknown on line 0
PHP Warning:  PHP Startup: Unable to load dynamic library 'H:\\735_Server\\epicwow\\InterestingLegionAIO\\website-bro\\php\\ext\\php_pdo_pgsql.dll' - \xef\xbf\xbd\xd2\xb2\xef\xbf\xbd\xef\xbf\xbd\xef\xbf\xbd\xd6\xb8\xef\xbf\xbd\xef\xbf\xbd\xef\xbf\xbd\xef\xbf\xbd\xc4\xa3\xef\xbf\xbd\xe9\xa1\xa3\r\n in Unknown on line 0
PHP Warning:  PHP Startup: Unable to load dynamic library 'H:\\735_Server\\epicwow\\InterestingLegionAIO\\website-bro\\php\\ext\\php_pdo_sqlite.dll' - \xef\xbf\xbd\xd2\xb2\xef\xbf\xbd\xef\xbf\xbd\xef\xbf\xbd\xd6\xb8\xef\xbf\xbd\xef\xbf\xbd\xef\xbf\xbd\xef\xbf\xbd\xc4\xa3\xef\xbf\xbd\xe9\xa1\xa3\r\n in Unknown on line 0
PHP Warning:  PHP Startup: Unable to load dynamic library 'H:\\735_Server\\epicwow\\InterestingLegionAIO\\website-bro\\php\\ext\\php_soap.dll' - \xef\xbf\xbd\xd2\xb2\xef\xbf\xbd\xef\xbf\xbd\xef\xbf\xbd\xd6\xb8\xef\xbf\xbd\xef\xbf\xbd\xef\xbf\xbd\xef\xbf\xbd\xc4\xa3\xef\xbf\xbd\xe9\xa1\xa3\r\n in Unknown on line 0
PHP Warning:  PHP Startup: Unable to load dynamic library 'H:\\735_Server\\epicwow\\InterestingLegionAIO\\website-bro\\php\\ext\\php_sockets.dll' - \xef\xbf\xbd\xd2\xb2\xef\xbf\xbd\xef\xbf\xbd\xef\xbf\xbd\xd6\xb8\xef\xbf\xbd\xef\xbf\xbd\xef\xbf\xbd\xef\xbf\xbd\xc4\xa3\xef\xbf\xbd\xe9\xa1\xa3\r\n in Unknown on line 0
PHP Warning:  PHP Startup: Unable to load dynamic library 'H:\\735_Server\\epicwow\\InterestingLegionAIO\\website-bro\\php\\ext\\php_sqlite3.dll' - \xef\xbf\xbd\xd2\xb2\xef\xbf\xbd\xef\xbf\xbd\xef\xbf\xbd\xd6\xb8\xef\xbf\xbd\xef\xbf\xbd\xef\xbf\xbd\xef\xbf\xbd\xc4\xa3\xef\xbf\xbd\xe9\xa1\xa3\r\n in Unknown on line 0
PHP Warning:  PHP Startup: Unable to load dynamic library 'H:\\735_Server\\epicwow\\InterestingLegionAIO\\website-bro\\php\\ext\\php_tidy.dll' - \xef\xbf\xbd\xd2\xb2\xef\xbf\xbd\xef\xbf\xbd\xef\xbf\xbd\xd6\xb8\xef\xbf\xbd\xef\xbf\xbd\xef\xbf\xbd\xef\xbf\xbd\xc4\xa3\xef\xbf\xbd\xe9\xa1\xa3\r\n in Unknown on line 0
[Sun May 10 02:32:41.018612 2020] [mpm_winnt:notice] [pid 30796:tid 708] AH00455: Apache/2.4.23 (Win32) PHP/5.6.32 configured -- resuming normal operations
[Sun May 10 02:32:41.018612 2020] [mpm_winnt:notice] [pid 30796:tid 708] AH00456: Apache Lounge VC10 Server built: Jul  9 2016 11:13:35
[Sun May 10 02:32:41.018612 2020] [core:notice] [pid 30796:tid 708] AH00094: Command line: 'httpd.exe -d H:/735_Server/epicwow/InterestingLegionAIO/website-bro/apache'
[Sun May 10 02:32:41.020610 2020] [mpm_winnt:notice] [pid 30796:tid 708] AH00418: Parent: Created child process 28060
Apache server shutdown initiated...
 load dynamic library 'H:\\735_Server\\epicwow\\InterestingLegionAIO\\website-bro\\php\\ext\\php_curl.dll' - \xef\xbf\xbd\xd2\xb2\xef\xbf\xbd\xef\xbf\xbd\xef\xbf\xbd\xd6\xb8\xef\xbf\xbd\xef\xbf\xbd\xef\xbf\xbd\xef\xbf\xbd\xc4\xa3\xef\xbf\xbd\xe9\xa1\xa3\r\n in Unknown on line 0
PHP Warning:  PHP Startup: Unable to load dynamic library 'H:\\735_Server\\epicwow\\InterestingLegionAIO\\website-bro\\php\\ext\\php_gd2.dll' - \xef\xbf\xbd\xd2\xb2\xef\xbf\xbd\xef\xbf\xbd\xef\xbf\xbd\xd6\xb8\xef\xbf\xbd\xef\xbf\xbd\xef\xbf\xbd\xef\xbf\xbd\xc4\xa3\xef\xbf\xbd\xe9\xa1\xa3\r\n in Unknown on line 0
PHP Warning:  PHP Startup: Unable to load dynamic library 'H:\\735_Server\\epicwow\\InterestingLegionAIO\\website-bro\\php\\ext\\php_imap.dll' - \xef\xbf\xbd\xd2\xb2\xef\xbf\xbd\xef\xbf\xbd\xef\xbf\xbd\xd6\xb8\xef\xbf\xbd\xef\xbf\xbd\xef\xbf\xbd\xef\xbf\xbd\xc4\xa3\xef\xbf\xbd\xe9\xa1\xa3\r\n in Unknown on line 0
PHP Warning:  PHP Startup: Unable to load dynamic library 'H:\\735_Server\\epicwow\\InterestingLegionAIO\\website-bro\\php\\ext\\php_mbstring.dll' - \xef\xbf\xbd\xd2\xb2\xef\xbf\xbd\xef\xbf\xbd\xef\xbf\xbd\xd6\xb8\xef\xbf\xbd\xef\xbf\xbd\xef\xbf\xbd\xef\xbf\xbd\xc4\xa3\xef\xbf\xbd\xe9\xa1\xa3\r\n in Unknown on line 0
PHP Warning:  PHP Startup: Unable to load dynamic library 'H:\\735_Server\\epicwow\\InterestingLegionAIO\\website-bro\\php\\ext\\php_exif.dll' - \xef\xbf\xbd\xd2\xb2\xef\xbf\xbd\xef\xbf\xbd\xef\xbf\xbd\xd6\xb8\xef\xbf\xbd\xef\xbf\xbd\xef\xbf\xbd\xef\xbf\xbd\xc4\xa3\xef\xbf\xbd\xe9\xa1\xa3\r\n in Unknown on line 0
PHP Warning:  PHP Startup: Unable to load dynamic library 'H:\\735_Server\\epicwow\\InterestingLegionAIO\\website-bro\\php\\ext\\php_mysqli.dll' - \xef\xbf\xbd\xd2\xb2\xef\xbf\xbd\xef\xbf\xbd\xef\xbf\xbd\xd6\xb8\xef\xbf\xbd\xef\xbf\xbd\xef\xbf\xbd\xef\xbf\xbd\xc4\xa3\xef\xbf\xbd\xe9\xa1\xa3\r\n in Unknown on line 0
PHP Warning:  PHP Startup: Unable to load dynamic library 'H:\\735_Server\\epicwow\\InterestingLegionAIO\\website-bro\\php\\ext\\php_openssl.dll' - \xef\xbf\xbd\xd2\xb2\xef\xbf\xbd\xef\xbf\xbd\xef\xbf\xbd\xd6\xb8\xef\xbf\xbd\xef\xbf\xbd\xef\xbf\xbd\xef\xbf\xbd\xc4\xa3\xef\xbf\xbd\xe9\xa1\xa3\r\n in Unknown on line 0
PHP Warning:  PHP Startup: Unable to load dynamic library 'H:\\735_Server\\epicwow\\InterestingLegionAIO\\website-bro\\php\\ext\\php_pdo_mysql.dll' - \xef\xbf\xbd\xd2\xb2\xef\xbf\xbd\xef\xbf\xbd\xef\xbf\xbd\xd6\xb8\xef\xbf\xbd\xef\xbf\xbd\xef\xbf\xbd\xef\xbf\xbd\xc4\xa3\xef\xbf\xbd\xe9\xa1\xa3\r\n in Unknown on line 0
PHP Warning:  PHP Startup: Unable to load dynamic library 'H:\\735_Server\\epicwow\\InterestingLegionAIO\\website-bro\\php\\ext\\php_pdo_pgsql.dll' - \xef\xbf\xbd\xd2\xb2\xef\xbf\xbd\xef\xbf\xbd\xef\xbf\xbd\xd6\xb8\xef\xbf\xbd\xef\xbf\xbd\xef\xbf\xbd\xef\xbf\xbd\xc4\xa3\xef\xbf\xbd\xe9\xa1\xa3\r\n in Unknown on line 0
PHP Warning:  PHP Startup: Unable to load dynamic library 'H:\\735_Server\\epicwow\\InterestingLegionAIO\\website-bro\\php\\ext\\php_pdo_sqlite.dll' - \xef\xbf\xbd\xd2\xb2\xef\xbf\xbd\xef\xbf\xbd\xef\xbf\xbd\xd6\xb8\xef\xbf\xbd\xef\xbf\xbd\xef\xbf\xbd\xef\xbf\xbd\xc4\xa3\xef\xbf\xbd\xe9\xa1\xa3\r\n in Unknown on line 0
PHP Warning:  PHP Startup: Unable to load dynamic library 'H:\\735_Server\\epicwow\\InterestingLegionAIO\\website-bro\\php\\ext\\php_soap.dll' - \xef\xbf\xbd\xd2\xb2\xef\xbf\xbd\xef\xbf\xbd\xef\xbf\xbd\xd6\xb8\xef\xbf\xbd\xef\xbf\xbd\xef\xbf\xbd\xef\xbf\xbd\xc4\xa3\xef\xbf\xbd\xe9\xa1\xa3\r\n in Unknown on line 0
PHP Warning:  PHP Startup: Unable to load dynamic library 'H:\\735_Server\\epicwow\\InterestingLegionAIO\\website-bro\\php\\ext\\php_sockets.dll' - \xef\xbf\xbd\xd2\xb2\xef\xbf\xbd\xef\xbf\xbd\xef\xbf\xbd\xd6\xb8\xef\xbf\xbd\xef\xbf\xbd\xef\xbf\xbd\xef\xbf\xbd\xc4\xa3\xef\xbf\xbd\xe9\xa1\xa3\r\n in Unknown on line 0
PHP Warning:  PHP Startup: Unable to load dynamic library 'H:\\735_Server\\epicwow\\InterestingLegionAIO\\website-bro\\php\\ext\\php_sqlite3.dll' - \xef\xbf\xbd\xd2\xb2\xef\xbf\xbd\xef\xbf\xbd\xef\xbf\xbd\xd6\xb8\xef\xbf\xbd\xef\xbf\xbd\xef\xbf\xbd\xef\xbf\xbd\xc4\xa3\xef\xbf\xbd\xe9\xa1\xa3\r\n in Unknown on line 0
PHP Warning:  PHP Startup: Unable to load dynamic library 'H:\\735_Server\\epicwow\\InterestingLegionAIO\\website-bro\\php\\ext\\php_tidy.dll' - \xef\xbf\xbd\xd2\xb2\xef\xbf\xbd\xef\xbf\xbd\xef\xbf\xbd\xd6\xb8\xef\xbf\xbd\xef\xbf\xbd\xef\xbf\xbd\xef\xbf\xbd\xc4\xa3\xef\xbf\xbd\xe9\xa1\xa3\r\n in Unknown on line 0
[Sun May 10 02:32:41.686101 2020] [mpm_winnt:notice] [pid 28060:tid 728] AH00354: Child: Starting 64 worker threads.
[Sun May 10 02:32:42.937546 2020] [:error] [pid 28060:tid 1296] [client 127.0.0.1:62195] PHP Warning:  phpinfo(): It is not safe to rely on the system's timezone settings. You are *required* to use the date.timezone setting or the date_default_timezone_set() function. In case you used any of those methods and you are still getting this warning, you most likely misspelled the timezone identifier. We selected the timezone 'UTC' for now, but please set date.timezone to select your timezone. in H:\\735_Server\\epicwow\\InterestingLegionAIO\\website-bro\\htdocs\\index.php on line 47
[Sun May 10 02:32:42.960518 2020] [mpm_winnt:notice] [pid 36796:tid 884] AH00364: Child: All worker threads have exited.
[Sun May 10 02:32:44.483060 2020] [:error] [pid 28060:tid 1296] [client 127.0.0.1:62195] PHP Warning:  phpinfo(): It is not safe to rely on the system's timezone settings. You are *required* to use the date.timezone setting or the date_default_timezone_set() function. In case you used any of those methods and you are still getting this warning, you most likely misspelled the timezone identifier. We selected the timezone 'UTC' for now, but please set date.timezone to select your timezone. in H:\\735_Server\\epicwow\\InterestingLegionAIO\\website-bro\\htdocs\\index.php on line 47
[Sun May 10 02:32:45.135859 2020] [:error] [pid 28060:tid 1296] [client 127.0.0.1:62195] PHP Warning:  phpinfo(): It is not safe to rely on the system's timezone settings. You are *required* to use the date.timezone setting or the date_default_timezone_set() function. In case you used any of those methods and you are still getting this warning, you most likely misspelled the timezone identifier. We selected the timezone 'UTC' for now, but please set date.timezone to select your timezone. in H:\\735_Server\\epicwow\\InterestingLegionAIO\\website-bro\\htdocs\\index.php on line 47
[Sun May 10 02:32:45.594155 2020] [:error] [pid 28060:tid 1296] [client 127.0.0.1:62195] PHP Warning:  phpinfo(): It is not safe to rely on the system's timezone settings. You are *required* to use the date.timezone setting or the date_default_timezone_set() function. In case you used any of those methods and you are still getting this warning, you most likely misspelled the timezone identifier. We selected the timezone 'UTC' for now, but please set date.timezone to select your timezone. in H:\\735_Server\\epicwow\\InterestingLegionAIO\\website-bro\\htdocs\\index.php on line 47
[Sun May 10 02:32:45.797089 2020] [:error] [pid 28060:tid 1296] [client 127.0.0.1:62195] PHP Warning:  phpinfo(): It is not safe to rely on the system's timezone settings. You are *required* to use the date.timezone setting or the date_default_timezone_set() function. In case you used any of those methods and you are still getting this warning, you most likely misspelled the timezone identifier. We selected the timezone 'UTC' for now, but please set date.timezone to select your timezone. in H:\\735_Server\\epicwow\\InterestingLegionAIO\\website-bro\\htdocs\\index.php on line 47
[Sun May 10 02:34:50.916801 2020] [:error] [pid 28060:tid 1288] [client 127.0.0.1:62673] PHP Warning:  phpinfo(): It is not safe to rely on the system's timezone settings. You are *required* to use the date.timezone setting or the date_default_timezone_set() function. In case you used any of those methods and you are still getting this warning, you most likely misspelled the timezone identifier. We selected the timezone 'UTC' for now, but please set date.timezone to select your timezone. in H:\\735_Server\\epicwow\\InterestingLegionAIO\\website-bro\\htdocs\\index.php on line 47
[Sun May 10 02:35:14.276461 2020] [:error] [pid 28060:tid 1296] [client 127.0.0.1:62741] PHP Warning:  phpinfo(): It is not safe to rely on the system's timezone settings. You are *required* to use the date.timezone setting or the date_default_timezone_set() function. In case you used any of those methods and you are still getting this warning, you most likely misspelled the timezone identifier. We selected the timezone 'UTC' for now, but please set date.timezone to select your timezone. in H:\\735_Server\\epicwow\\InterestingLegionAIO\\website-bro\\htdocs\\index.php on line 47
[Sun May 10 02:41:19.422407 2020] [mpm_winnt:notice] [pid 30796:tid 708] AH00422: Parent: Received shutdown signal -- Shutting down the server.
[Sun May 10 02:41:21.424242 2020] [mpm_winnt:notice] [pid 28060:tid 728] AH00364: Child: All worker threads have exited.
[Sun May 10 02:41:21.483164 2020] [mpm_winnt:notice] [pid 30796:tid 708] AH00430: Parent: Child process 28060 exited successfully.
PHP Warning:  PHP Startup: Unable to load dynamic library 'H:\\735_Server\\epicwow\\InterestingLegionAIO\\website-bro\\php\\ext\\php_curl.dll' - \xef\xbf\xbd\xd2\xb2\xef\xbf\xbd\xef\xbf\xbd\xef\xbf\xbd\xd6\xb8\xef\xbf\xbd\xef\xbf\xbd\xef\xbf\xbd\xef\xbf\xbd\xc4\xa3\xef\xbf\xbd\xe9\xa1\xa3\r\n in Unknown on line 0
PHP Warning:  PHP Startup: Unable to load dynamic library 'H:\\735_Server\\epicwow\\InterestingLegionAIO\\website-bro\\php\\ext\\php_pdo_pgsql.dll' - \xef\xbf\xbd\xd2\xb2\xef\xbf\xbd\xef\xbf\xbd\xef\xbf\xbd\xd6\xb8\xef\xbf\xbd\xef\xbf\xbd\xef\xbf\xbd\xef\xbf\xbd\xc4\xa3\xef\xbf\xbd\xe9\xa1\xa3\r\n in Unknown on line 0
[Sun May 10 02:42:28.162588 2020] [mpm_winnt:notice] [pid 35144:tid 808] AH00455: Apache/2.4.23 (Win32) PHP/7.1.11 configured -- resuming normal operations
[Sun May 10 02:42:28.162588 2020] [mpm_winnt:notice] [pid 35144:tid 808] AH00456: Apache Lounge VC10 Server built: Jul  9 2016 11:13:35
[Sun May 10 02:42:28.162588 2020] [core:notice] [pid 35144:tid 808] AH00094: Command line: 'httpd.exe -d H:/735_Server/epicwow/InterestingLegionAIO/website-bro/apache'
[Sun May 10 02:42:28.165600 2020] [mpm_winnt:notice] [pid 35144:tid 808] AH00418: Parent: Created child process 36752
Apache server interrupted...
able to load dynamic library 'H:\\735_Server\\epicwow\\InterestingLegionAIO\\website-bro\\php\\ext\\php_curl.dll' - \xef\xbf\xbd\xd2\xb2\xef\xbf\xbd\xef\xbf\xbd\xef\xbf\xbd\xd6\xb8\xef\xbf\xbd\xef\xbf\xbd\xef\xbf\xbd\xef\xbf\xbd\xc4\xa3\xef\xbf\xbd\xe9\xa1\xa3\r\n in Unknown on line 0
PHP Warning:  PHP Startup: Unable to load dynamic library 'H:\\735_Server\\epicwow\\InterestingLegionAIO\\website-bro\\php\\ext\\php_pdo_pgsql.dll' - \xef\xbf\xbd\xd2\xb2\xef\xbf\xbd\xef\xbf\xbd\xef\xbf\xbd\xd6\xb8\xef\xbf\xbd\xef\xbf\xbd\xef\xbf\xbd\xef\xbf\xbd\xc4\xa3\xef\xbf\xbd\xe9\xa1\xa3\r\n in Unknown on line 0
[Sun May 10 02:42:28.817080 2020] [mpm_winnt:notice] [pid 36752:tid 808] AH00354: Child: Starting 64 worker threads.
[Sun May 10 02:47:01.387104 2020] [mpm_winnt:notice] [pid 35144:tid 808] AH00422: Parent: Received shutdown signal -- Shutting down the server.
Apache server shutdown initiated...
[Sun May 10 02:47:03.388703 2020] [mpm_winnt:notice] [pid 36752:tid 808] AH00364: Child: All worker threads have exited.
[Sun May 10 02:47:03.425651 2020] [mpm_winnt:notice] [pid 35144:tid 808] AH00430: Parent: Child process 36752 exited successfully.
PHP Warning:  PHP Startup: Unable to load dynamic library 'H:\\735_Server\\epicwow\\InterestingLegionAIO\\website7\\php\\ext\\php_curl.dll' - \xef\xbf\xbd\xd2\xb2\xef\xbf\xbd\xef\xbf\xbd\xef\xbf\xbd\xd6\xb8\xef\xbf\xbd\xef\xbf\xbd\xef\xbf\xbd\xef\xbf\xbd\xc4\xa3\xef\xbf\xbd\xe9\xa1\xa3\r\n in Unknown on line 0
PHP Warning:  PHP Startup: Unable to load dynamic library 'H:\\735_Server\\epicwow\\InterestingLegionAIO\\website7\\php\\ext\\php_pdo_pgsql.dll' - \xef\xbf\xbd\xd2\xb2\xef\xbf\xbd\xef\xbf\xbd\xef\xbf\xbd\xd6\xb8\xef\xbf\xbd\xef\xbf\xbd\xef\xbf\xbd\xef\xbf\xbd\xc4\xa3\xef\xbf\xbd\xe9\xa1\xa3\r\n in Unknown on line 0
[Mon May 11 02:02:58.051679 2020] [mpm_winnt:notice] [pid 48640:tid 868] AH00455: Apache/2.4.23 (Win32) PHP/7.1.11 configured -- resuming normal operations
[Mon May 11 02:02:58.051679 2020] [mpm_winnt:notice] [pid 48640:tid 868] AH00456: Apache Lounge VC10 Server built: Jul  9 2016 11:13:35
[Mon May 11 02:02:58.051679 2020] [core:notice] [pid 48640:tid 868] AH00094: Command line: 'httpd.exe -d H:/735_Server/epicwow/InterestingLegionAIO/website7/apache'
[Mon May 11 02:02:58.054678 2020] [mpm_winnt:notice] [pid 48640:tid 868] AH00418: Parent: Created child process 51372
Apache server shutdown initiated...
 load dynamic library 'H:\\735_Server\\epicwow\\InterestingLegionAIO\\website7\\php\\ext\\php_curl.dll' - \xef\xbf\xbd\xd2\xb2\xef\xbf\xbd\xef\xbf\xbd\xef\xbf\xbd\xd6\xb8\xef\xbf\xbd\xef\xbf\xbd\xef\xbf\xbd\xef\xbf\xbd\xc4\xa3\xef\xbf\xbd\xe9\xa1\xa3\r\n in Unknown on line 0
PHP Warning:  PHP Startup: Unable to load dynamic library 'H:\\735_Server\\epicwow\\InterestingLegionAIO\\website7\\php\\ext\\php_pdo_pgsql.dll' - \xef\xbf\xbd\xd2\xb2\xef\xbf\xbd\xef\xbf\xbd\xef\xbf\xbd\xd6\xb8\xef\xbf\xbd\xef\xbf\xbd\xef\xbf\xbd\xef\xbf\xbd\xc4\xa3\xef\xbf\xbd\xe9\xa1\xa3\r\n in Unknown on line 0
[Mon May 11 02:02:58.707172 2020] [mpm_winnt:notice] [pid 51372:tid 772] AH00354: Child: Starting 64 worker threads.
[Mon May 11 02:03:26.585003 2020] [php7:error] [pid 51372:tid 1316] [client 127.0.0.1:34945] PHP Fatal error:  Uncaught PDOException: SQLSTATE[HY000] [2002] \xd3\xc9\xd3\xda\xc4\xbf\xb1\xea\xbc\xc6\xcb\xe3\xbb\xfa\xbb\xfd\xbc\xab\xbe\xdc\xbe\xf8\xa3\xac\xce\xde\xb7\xa8\xc1\xac\xbd\xd3\xa1\xa3\r\n in H:\\735_Server\\epicwow\\InterestingLegionAIO\\website7\\htdocs\\application\\vendor\\catfan\\medoo\\src\\Medoo.php:323\nStack trace:\n#0 H:\\735_Server\\epicwow\\InterestingLegionAIO\\website7\\htdocs\\application\\include\\database.php(26): Medoo\\Medoo->__construct(Array)\n#1 H:\\735_Server\\epicwow\\InterestingLegionAIO\\website7\\htdocs\\application\\loader.php(49): database::db_connect()\n#2 H:\\735_Server\\epicwow\\InterestingLegionAIO\\website7\\htdocs\\index.php(33): require_once('H:\\\\735_Server\\\\e...')\n#3 {main}\n  thrown in H:\\735_Server\\epicwow\\InterestingLegionAIO\\website7\\htdocs\\application\\vendor\\catfan\\medoo\\src\\Medoo.php on line 323
[Mon May 11 02:04:15.257117 2020] [mpm_winnt:notice] [pid 48640:tid 868] AH00422: Parent: Received shutdown signal -- Shutting down the server.
[Mon May 11 02:10:42.617347 2020] [core:warn] [pid 55324:tid 696] AH00098: pid file H:/735_Server/epicwow/InterestingLegionAIO/website7/apache/logs/httpd.pid overwritten -- Unclean shutdown of previous Apache run?
PHP Warning:  PHP Startup: Unable to load dynamic library 'H:\\735_Server\\epicwow\\InterestingLegionAIO\\website7\\php\\ext\\php_curl.dll' - \xef\xbf\xbd\xd2\xb2\xef\xbf\xbd\xef\xbf\xbd\xef\xbf\xbd\xd6\xb8\xef\xbf\xbd\xef\xbf\xbd\xef\xbf\xbd\xef\xbf\xbd\xc4\xa3\xef\xbf\xbd\xe9\xa1\xa3\r\n in Unknown on line 0
PHP Warning:  PHP Startup: Unable to load dynamic library 'H:\\735_Server\\epicwow\\InterestingLegionAIO\\website7\\php\\ext\\php_pdo_pgsql.dll' - \xef\xbf\xbd\xd2\xb2\xef\xbf\xbd\xef\xbf\xbd\xef\xbf\xbd\xd6\xb8\xef\xbf\xbd\xef\xbf\xbd\xef\xbf\xbd\xef\xbf\xbd\xc4\xa3\xef\xbf\xbd\xe9\xa1\xa3\r\n in Unknown on line 0
[Mon May 11 02:10:42.640346 2020] [mpm_winnt:notice] [pid 55324:tid 696] AH00455: Apache/2.4.23 (Win32) PHP/7.1.11 configured -- resuming normal operations
[Mon May 11 02:10:42.640346 2020] [mpm_winnt:notice] [pid 55324:tid 696] AH00456: Apache Lounge VC10 Server built: Jul  9 2016 11:13:35
[Mon May 11 02:10:42.640346 2020] [core:notice] [pid 55324:tid 696] AH00094: Command line: 'httpd.exe -d H:/735_Server/epicwow/InterestingLegionAIO/website7/apache'
[Mon May 11 02:10:42.642327 2020] [mpm_winnt:notice] [pid 55324:tid 696] AH00418: Parent: Created child process 44984
Apache server shutdown initiated...
 load dynamic library 'H:\\735_Server\\epicwow\\InterestingLegionAIO\\website7\\php\\ext\\php_curl.dll' - \xef\xbf\xbd\xd2\xb2\xef\xbf\xbd\xef\xbf\xbd\xef\xbf\xbd\xd6\xb8\xef\xbf\xbd\xef\xbf\xbd\xef\xbf\xbd\xef\xbf\xbd\xc4\xa3\xef\xbf\xbd\xe9\xa1\xa3\r\n in Unknown on line 0
PHP Warning:  PHP Startup: Unable to load dynamic library 'H:\\735_Server\\epicwow\\InterestingLegionAIO\\website7\\php\\ext\\php_pdo_pgsql.dll' - \xef\xbf\xbd\xd2\xb2\xef\xbf\xbd\xef\xbf\xbd\xef\xbf\xbd\xd6\xb8\xef\xbf\xbd\xef\xbf\xbd\xef\xbf\xbd\xef\xbf\xbd\xc4\xa3\xef\xbf\xbd\xe9\xa1\xa3\r\n in Unknown on line 0
[Mon May 11 02:10:43.290213 2020] [mpm_winnt:notice] [pid 44984:tid 748] AH00354: Child: Starting 64 worker threads.
[Mon May 11 02:11:07.670935 2020] [mpm_winnt:notice] [pid 55324:tid 696] AH00422: Parent: Received shutdown signal -- Shutting down the server.
[Mon May 11 02:11:13.593916 2020] [mpm_winnt:notice] [pid 44984:tid 748] AH00364: Child: All worker threads have exited.
[Mon May 11 02:12:04.161093 2020] [core:warn] [pid 41344:tid 688] AH00098: pid file H:/735_Server/epicwow/InterestingLegionAIO/website7/apache/logs/httpd.pid overwritten -- Unclean shutdown of previous Apache run?
PHP Warning:  PHP Startup: Unable to load dynamic library 'H:\\735_Server\\epicwow\\InterestingLegionAIO\\website7\\php\\ext\\php_curl.dll' - \xef\xbf\xbd\xd2\xb2\xef\xbf\xbd\xef\xbf\xbd\xef\xbf\xbd\xd6\xb8\xef\xbf\xbd\xef\xbf\xbd\xef\xbf\xbd\xef\xbf\xbd\xc4\xa3\xef\xbf\xbd\xe9\xa1\xa3\r\n in Unknown on line 0
PHP Warning:  PHP Startup: Unable to load dynamic library 'H:\\735_Server\\epicwow\\InterestingLegionAIO\\website7\\php\\ext\\php_pdo_pgsql.dll' - \xef\xbf\xbd\xd2\xb2\xef\xbf\xbd\xef\xbf\xbd\xef\xbf\xbd\xd6\xb8\xef\xbf\xbd\xef\xbf\xbd\xef\xbf\xbd\xef\xbf\xbd\xc4\xa3\xef\xbf\xbd\xe9\xa1\xa3\r\n in Unknown on line 0
[Mon May 11 02:12:04.196066 2020] [mpm_winnt:notice] [pid 41344:tid 688] AH00455: Apache/2.4.23 (Win32) PHP/7.1.11 configured -- resuming normal operations
[Mon May 11 02:12:04.196066 2020] [mpm_winnt:notice] [pid 41344:tid 688] AH00456: Apache Lounge VC10 Server built: Jul  9 2016 11:13:35
[Mon May 11 02:12:04.196066 2020] [core:notice] [pid 41344:tid 688] AH00094: Command line: 'httpd.exe -d H:/735_Server/epicwow/InterestingLegionAIO/website7/apache'
[Mon May 11 02:12:04.198077 2020] [mpm_winnt:notice] [pid 41344:tid 688] AH00418: Parent: Created child process 53828
Apache server shutdown initiated...
 load dynamic library 'H:\\735_Server\\epicwow\\InterestingLegionAIO\\website7\\php\\ext\\php_curl.dll' - \xef\xbf\xbd\xd2\xb2\xef\xbf\xbd\xef\xbf\xbd\xef\xbf\xbd\xd6\xb8\xef\xbf\xbd\xef\xbf\xbd\xef\xbf\xbd\xef\xbf\xbd\xc4\xa3\xef\xbf\xbd\xe9\xa1\xa3\r\n in Unknown on line 0
PHP Warning:  PHP Startup: Unable to load dynamic library 'H:\\735_Server\\epicwow\\InterestingLegionAIO\\website7\\php\\ext\\php_pdo_pgsql.dll' - \xef\xbf\xbd\xd2\xb2\xef\xbf\xbd\xef\xbf\xbd\xef\xbf\xbd\xd6\xb8\xef\xbf\xbd\xef\xbf\xbd\xef\xbf\xbd\xef\xbf\xbd\xc4\xa3\xef\xbf\xbd\xe9\xa1\xa3\r\n in Unknown on line 0
[Mon May 11 02:12:04.852555 2020] [mpm_winnt:notice] [pid 53828:tid 812] AH00354: Child: Starting 64 worker threads.
[Mon May 11 02:12:34.459045 2020] [mpm_winnt:notice] [pid 41344:tid 688] AH00422: Parent: Received shutdown signal -- Shutting down the server.
[Mon May 11 02:12:36.461015 2020] [mpm_winnt:notice] [pid 53828:tid 812] AH00364: Child: All worker threads have exited.
[Mon May 11 02:12:36.523090 2020] [mpm_winnt:notice] [pid 41344:tid 688] AH00430: Parent: Child process 53828 exited successfully.
[Mon May 11 02:14:41.585034 2020] [mpm_winnt:notice] [pid 43608:tid 676] AH00455: Apache/2.4.23 (Win32) PHP/7.1.11 configured -- resuming normal operations
[Mon May 11 02:14:41.585034 2020] [mpm_winnt:notice] [pid 43608:tid 676] AH00456: Apache Lounge VC10 Server built: Jul  9 2016 11:13:35
[Mon May 11 02:14:41.585034 2020] [core:notice] [pid 43608:tid 676] AH00094: Command line: 'httpd.exe -d H:/735_Server/epicwow/InterestingLegionAIO/website7/apache'
[Mon May 11 02:14:41.587032 2020] [mpm_winnt:notice] [pid 43608:tid 676] AH00418: Parent: Created child process 47188
Apache server shutdown initiated...
pm_winnt:notice] [pid 47188:tid 732] AH00354: Child: Starting 64 worker threads.
[Mon May 11 02:15:17.255168 2020] [mpm_winnt:notice] [pid 43608:tid 676] AH00422: Parent: Received shutdown signal -- Shutting down the server.
[Mon May 11 02:15:49.355748 2020] [mpm_winnt:notice] [pid 47188:tid 732] AH00362: Child: Waiting 30 more seconds for 1 worker threads to finish.
[Mon May 11 02:15:50.865617 2020] [mpm_winnt:notice] [pid 47188:tid 732] AH00364: Child: All worker threads have exited.
[Mon May 11 02:24:33.467034 2020] [core:warn] [pid 56884:tid 760] AH00098: pid file H:/0Server/website7/apache/logs/httpd.pid overwritten -- Unclean shutdown of previous Apache run?
PHP Warning:  PHP Startup: Unable to load dynamic library 'H:\\0Server\\website7\\php\\ext\\php_curl.dll' - \xef\xbf\xbd\xd2\xb2\xef\xbf\xbd\xef\xbf\xbd\xef\xbf\xbd\xd6\xb8\xef\xbf\xbd\xef\xbf\xbd\xef\xbf\xbd\xef\xbf\xbd\xc4\xa3\xef\xbf\xbd\xe9\xa1\xa3\r\n in Unknown on line 0
PHP Warning:  PHP Startup: Unable to load dynamic library 'H:\\0Server\\website7\\php\\ext\\php_pdo_pgsql.dll' - \xef\xbf\xbd\xd2\xb2\xef\xbf\xbd\xef\xbf\xbd\xef\xbf\xbd\xd6\xb8\xef\xbf\xbd\xef\xbf\xbd\xef\xbf\xbd\xef\xbf\xbd\xc4\xa3\xef\xbf\xbd\xe9\xa1\xa3\r\n in Unknown on line 0
[Mon May 11 02:24:33.532476 2020] [mpm_winnt:notice] [pid 56884:tid 760] AH00455: Apache/2.4.23 (Win32) PHP/7.1.11 configured -- resuming normal operations
[Mon May 11 02:24:33.532476 2020] [mpm_winnt:notice] [pid 56884:tid 760] AH00456: Apache Lounge VC10 Server built: Jul  9 2016 11:13:35
[Mon May 11 02:24:33.532476 2020] [core:notice] [pid 56884:tid 760] AH00094: Command line: 'httpd.exe -d H:/0Server/website7/apache'
[Mon May 11 02:24:33.535471 2020] [mpm_winnt:notice] [pid 56884:tid 760] AH00418: Parent: Created child process 48436
Apache server shutdown initiated...
 load dynamic library 'H:\\0Server\\website7\\php\\ext\\php_curl.dll' - \xef\xbf\xbd\xd2\xb2\xef\xbf\xbd\xef\xbf\xbd\xef\xbf\xbd\xd6\xb8\xef\xbf\xbd\xef\xbf\xbd\xef\xbf\xbd\xef\xbf\xbd\xc4\xa3\xef\xbf\xbd\xe9\xa1\xa3\r\n in Unknown on line 0
PHP Warning:  PHP Startup: Unable to load dynamic library 'H:\\0Server\\website7\\php\\ext\\php_pdo_pgsql.dll' - \xef\xbf\xbd\xd2\xb2\xef\xbf\xbd\xef\xbf\xbd\xef\xbf\xbd\xd6\xb8\xef\xbf\xbd\xef\xbf\xbd\xef\xbf\xbd\xef\xbf\xbd\xc4\xa3\xef\xbf\xbd\xe9\xa1\xa3\r\n in Unknown on line 0
[Mon May 11 02:24:34.231929 2020] [mpm_winnt:notice] [pid 48436:tid 804] AH00354: Child: Starting 64 worker threads.
[Mon May 11 02:24:34.381588 2020] [mpm_winnt:notice] [pid 56884:tid 760] AH00422: Parent: Received shutdown signal -- Shutting down the server.
[Mon May 11 02:24:36.383073 2020] [mpm_winnt:notice] [pid 48436:tid 804] AH00364: Child: All worker threads have exited.
[Mon May 11 02:24:36.409054 2020] [mpm_winnt:notice] [pid 56884:tid 760] AH00430: Parent: Child process 48436 exited successfully.
PHP Warning:  PHP Startup: Unable to load dynamic library 'H:\\0Server\\website7\\php\\ext\\php_curl.dll' - \xef\xbf\xbd\xd2\xb2\xef\xbf\xbd\xef\xbf\xbd\xef\xbf\xbd\xd6\xb8\xef\xbf\xbd\xef\xbf\xbd\xef\xbf\xbd\xef\xbf\xbd\xc4\xa3\xef\xbf\xbd\xe9\xa1\xa3\r\n in Unknown on line 0
PHP Warning:  PHP Startup: Unable to load dynamic library 'H:\\0Server\\website7\\php\\ext\\php_pdo_pgsql.dll' - \xef\xbf\xbd\xd2\xb2\xef\xbf\xbd\xef\xbf\xbd\xef\xbf\xbd\xd6\xb8\xef\xbf\xbd\xef\xbf\xbd\xef\xbf\xbd\xef\xbf\xbd\xc4\xa3\xef\xbf\xbd\xe9\xa1\xa3\r\n in Unknown on line 0
[Mon May 11 02:39:25.655029 2020] [mpm_winnt:notice] [pid 59160:tid 552] AH00455: Apache/2.4.23 (Win32) PHP/7.1.11 configured -- resuming normal operations
[Mon May 11 02:39:25.655029 2020] [mpm_winnt:notice] [pid 59160:tid 552] AH00456: Apache Lounge VC10 Server built: Jul  9 2016 11:13:35
[Mon May 11 02:39:25.655029 2020] [core:notice] [pid 59160:tid 552] AH00094: Command line: 'httpd.exe -d H:/0Server/website7/apache'
[Mon May 11 02:39:25.657011 2020] [mpm_winnt:notice] [pid 59160:tid 552] AH00418: Parent: Created child process 61024
PHP Warning:  PHP Startup: Unable to load dynamic library 'H:\\0Server\\website7\\php\\ext\\php_curl.dll' - \xef\xbf\xbd\xd2\xb2\xef\xbf\xbd\xef\xbf\xbd\xef\xbf\xbd\xd6\xb8\xef\xbf\xbd\xef\xbf\xbd\xef\xbf\xbd\xef\xbf\xbd\xc4\xa3\xef\xbf\xbd\xe9\xa1\xa3\r\n in Unknown on line 0
PHP Warning:  PHP Startup: Unable to load dynamic library 'H:\\0Server\\website7\\php\\ext\\php_pdo_pgsql.dll' - \xef\xbf\xbd\xd2\xb2\xef\xbf\xbd\xef\xbf\xbd\xef\xbf\xbd\xd6\xb8\xef\xbf\xbd\xef\xbf\xbd\xef\xbf\xbd\xef\xbf\xbd\xc4\xa3\xef\xbf\xbd\xe9\xa1\xa3\r\n in Unknown on line 0
[Mon May 11 02:39:26.351471 2020] [mpm_winnt:notice] [pid 61024:tid 832] AH00354: Child: Starting 64 worker threads.
[Mon May 11 02:44:19.801049 2020] [mpm_winnt:notice] [pid 59160:tid 552] AH00428: Parent: child process 61024 exited with status 4294967295 -- Restarting.
[Mon May 11 03:14:02.700139 2020] [core:warn] [pid 64128:tid 672] AH00098: pid file H:/0Server/website7/apache/logs/httpd.pid overwritten -- Unclean shutdown of previous Apache run?
PHP Warning:  PHP Startup: Unable to load dynamic library 'H:\\0Server\\website7\\php\\ext\\php_curl.dll' - \xef\xbf\xbd\xd2\xb2\xef\xbf\xbd\xef\xbf\xbd\xef\xbf\xbd\xd6\xb8\xef\xbf\xbd\xef\xbf\xbd\xef\xbf\xbd\xef\xbf\xbd\xc4\xa3\xef\xbf\xbd\xe9\xa1\xa3\r\n in Unknown on line 0
PHP Warning:  PHP Startup: Unable to load dynamic library 'H:\\0Server\\website7\\php\\ext\\php_pdo_pgsql.dll' - \xef\xbf\xbd\xd2\xb2\xef\xbf\xbd\xef\xbf\xbd\xef\xbf\xbd\xd6\xb8\xef\xbf\xbd\xef\xbf\xbd\xef\xbf\xbd\xef\xbf\xbd\xc4\xa3\xef\xbf\xbd\xe9\xa1\xa3\r\n in Unknown on line 0
[Mon May 11 03:14:02.727118 2020] [mpm_winnt:notice] [pid 64128:tid 672] AH00455: Apache/2.4.23 (Win32) PHP/7.1.11 configured -- resuming normal operations
[Mon May 11 03:14:02.727118 2020] [mpm_winnt:notice] [pid 64128:tid 672] AH00456: Apache Lounge VC10 Server built: Jul  9 2016 11:13:35
[Mon May 11 03:14:02.727118 2020] [core:notice] [pid 64128:tid 672] AH00094: Command line: 'httpd.exe -d H:/0Server/website7/apache'
[Mon May 11 03:14:02.729117 2020] [mpm_winnt:notice] [pid 64128:tid 672] AH00418: Parent: Created child process 63076
PHP Warning:  PHP Startup: Unable to load dynamic library 'H:\\0Server\\website7\\php\\ext\\php_curl.dll' - \xef\xbf\xbd\xd2\xb2\xef\xbf\xbd\xef\xbf\xbd\xef\xbf\xbd\xd6\xb8\xef\xbf\xbd\xef\xbf\xbd\xef\xbf\xbd\xef\xbf\xbd\xc4\xa3\xef\xbf\xbd\xe9\xa1\xa3\r\n in Unknown on line 0
PHP Warning:  PHP Startup: Unable to load dynamic library 'H:\\0Server\\website7\\php\\ext\\php_pdo_pgsql.dll' - \xef\xbf\xbd\xd2\xb2\xef\xbf\xbd\xef\xbf\xbd\xef\xbf\xbd\xd6\xb8\xef\xbf\xbd\xef\xbf\xbd\xef\xbf\xbd\xef\xbf\xbd\xc4\xa3\xef\xbf\xbd\xe9\xa1\xa3\r\n in Unknown on line 0
[Mon May 11 03:14:03.415582 2020] [mpm_winnt:notice] [pid 63076:tid 716] AH00354: Child: Starting 64 worker threads.
[Mon May 11 03:19:58.217944 2020] [mpm_winnt:notice] [pid 64128:tid 672] AH00428: Parent: child process 63076 exited with status 4294967295 -- Restarting.
[Wed May 13 15:43:35.848987 2020] [core:warn] [pid 33524:tid 768] AH00098: pid file H:/WOWServer/Source/Apache2Php7/website7/apache/logs/httpd.pid overwritten -- Unclean shutdown of previous Apache run?
PHP Warning:  PHP Startup: Unable to load dynamic library 'H:\\WOWServer\\Source\\Apache2Php7\\website7\\php\\ext\\php_curl.dll' - \xef\xbf\xbd\xd2\xb2\xef\xbf\xbd\xef\xbf\xbd\xef\xbf\xbd\xd6\xb8\xef\xbf\xbd\xef\xbf\xbd\xef\xbf\xbd\xef\xbf\xbd\xc4\xa3\xef\xbf\xbd\xe9\xa1\xa3\r\n in Unknown on line 0
[Wed May 13 15:43:36.141549 2020] [mpm_winnt:notice] [pid 33524:tid 768] AH00455: Apache/2.4.23 (Win32) PHP/7.1.11 configured -- resuming normal operations
[Wed May 13 15:43:36.141549 2020] [mpm_winnt:notice] [pid 33524:tid 768] AH00456: Apache Lounge VC10 Server built: Jul  9 2016 11:13:35
[Wed May 13 15:43:36.141549 2020] [core:notice] [pid 33524:tid 768] AH00094: Command line: 'httpd.exe -d H:/WOWServer/Source/Apache2Php7/website7/apache'
[Wed May 13 15:43:36.143720 2020] [mpm_winnt:notice] [pid 33524:tid 768] AH00418: Parent: Created child process 42596
PHP Warning:  PHP Startup: Unable to load dynamic library 'H:\\WOWServer\\Source\\Apache2Php7\\website7\\php\\ext\\php_curl.dll' - \xef\xbf\xbd\xd2\xb2\xef\xbf\xbd\xef\xbf\xbd\xef\xbf\xbd\xd6\xb8\xef\xbf\xbd\xef\xbf\xbd\xef\xbf\xbd\xef\xbf\xbd\xc4\xa3\xef\xbf\xbd\xe9\xa1\xa3\r\n in Unknown on line 0
[Wed May 13 15:43:36.796619 2020] [mpm_winnt:notice] [pid 42596:tid 824] AH00354: Child: Starting 64 worker threads.
